2025-05-28 13:51:22,268 - INFO - Starting Reddit scraper for r/mindfulness
2025-05-28 13:51:22,345 - INFO - Reddit API connection established successfully
2025-05-28 13:51:22,444 - INFO - Database connection established successfully
2025-05-28 13:51:22,444 - INFO - Starting to scrape r/mindfulness - hot posts (limit: 500)
2025-05-28 13:51:23,843 - INFO - Inserted post: 1kxhyq6 - I started focusing on my mourning routine and this...
2025-05-28 13:51:24,055 - INFO - Post 1kxhyq6: 10 comments processed
2025-05-28 13:51:24,562 - INFO - Inserted post: 1kwv7bo - I think I cured my depression.....
2025-05-28 13:51:24,897 - INFO - Post 1kwv7bo: 25 comments processed
2025-05-28 13:51:25,413 - INFO - Inserted post: 1kxaykk - I have GAD and often get anxious when i have nothi...
2025-05-28 13:51:25,654 - INFO - Post 1kxaykk: 15 comments processed
2025-05-28 13:51:26,161 - INFO - Inserted post: 1kx4cii - The moment I stopped multitasking everything becam...
2025-05-28 13:51:26,307 - INFO - Post 1kx4cii: 2 comments processed
2025-05-28 13:51:26,824 - INFO - Inserted post: 1kx47gr - how can I stop being angry about someone spitting ...
2025-05-28 13:51:27,152 - INFO - Post 1kx47gr: 24 comments processed
2025-05-28 13:51:27,670 - INFO - Inserted post: 1kwl4y3 - Found something today that echoed what I’ve been t...
2025-05-28 13:51:27,838 - INFO - Post 1kwl4y3: 2 comments processed
2025-05-28 13:51:28,353 - INFO - Inserted post: 1kwp0k9 - read this before you quit on yourself....
2025-05-28 13:51:28,508 - INFO - Post 1kwp0k9: 1 comments processed
2025-05-28 13:51:29,026 - INFO - Inserted post: 1kwcq7n - Lost...
2025-05-28 13:51:29,238 - INFO - Post 1kwcq7n: 8 comments processed
2025-05-28 13:51:29,757 - INFO - Inserted post: 1kwtkuj - Self Critiscm...
2025-05-28 13:51:29,918 - INFO - Post 1kwtkuj: 4 comments processed
2025-05-28 13:51:30,436 - INFO - Inserted post: 1kwym7u - Lic. Marcelo Gallo de Urioste...
2025-05-28 13:51:30,567 - INFO - Post 1kwym7u: 1 comments processed
2025-05-28 13:51:31,086 - INFO - Inserted post: 1kwn8na - What It Really Means to Be Thinking — And How It S...
2025-05-28 13:51:31,225 - INFO - Post 1kwn8na: 1 comments processed
2025-05-28 13:51:31,743 - INFO - Inserted post: 1kwgexj - I think i know everything and I obviously don't, i...
2025-05-28 13:51:31,922 - INFO - Post 1kwgexj: 7 comments processed
2025-05-28 13:51:32,439 - INFO - Inserted post: 1kvskyl - Letting the breath come to you...
2025-05-28 13:51:32,604 - INFO - Post 1kvskyl: 5 comments processed
2025-05-28 13:51:33,121 - INFO - Inserted post: 1kw1xis - How can I stop thinking about my bad past youthful...
2025-05-28 13:51:33,336 - INFO - Post 1kw1xis: 13 comments processed
2025-05-28 13:51:33,854 - INFO - Inserted post: 1kw3t0o - Hope other ladies can relate to this......
2025-05-28 13:51:34,046 - INFO - Post 1kw3t0o: 7 comments processed
2025-05-28 13:51:34,553 - INFO - Inserted post: 1kwemzn - We often forget about this , hope it helps :)...
2025-05-28 13:51:34,701 - INFO - Post 1kwemzn: 0 comments processed
2025-05-28 13:51:35,223 - INFO - Inserted post: 1kvxpc0 - Does anyone feel the same?...
2025-05-28 13:51:35,411 - INFO - Post 1kvxpc0: 5 comments processed
2025-05-28 13:51:35,917 - INFO - Inserted post: 1kv6xsr - Doing this will change you....
2025-05-28 13:51:36,061 - INFO - Post 1kv6xsr: 5 comments processed
2025-05-28 13:51:36,581 - INFO - Inserted post: 1kvgkyt - Mindfulness and Overthinking...
2025-05-28 13:51:36,798 - INFO - Post 1kvgkyt: 15 comments processed
2025-05-28 13:51:37,305 - INFO - Inserted post: 1kvdks4 - Anxiety won’t let me be mindful...
2025-05-28 13:51:37,614 - INFO - Post 1kvdks4: 25 comments processed
2025-05-28 13:51:38,132 - INFO - Inserted post: 1kvboja - Whenever I'm not keeping busy I slide into ruminat...
2025-05-28 13:51:38,364 - INFO - Post 1kvboja: 15 comments processed
2025-05-28 13:51:38,882 - INFO - Inserted post: 1kveqfd - 10 Prompts to Start Your Masonic Journal...
2025-05-28 13:51:39,048 - INFO - Post 1kveqfd: 1 comments processed
2025-05-28 13:51:39,567 - INFO - Inserted post: 1kumakc - Your brain isn’t trying to trick you. It’s just tr...
2025-05-28 13:51:39,720 - INFO - Post 1kumakc: 3 comments processed
2025-05-28 13:51:40,237 - INFO - Inserted post: 1kva40i - Help with blogging...
2025-05-28 13:51:40,369 - INFO - Post 1kva40i: 1 comments processed
2025-05-28 13:51:40,888 - INFO - Inserted post: 1kuex5n - I woke up and decided that today was going to be a...
2025-05-28 13:51:41,042 - INFO - Post 1kuex5n: 3 comments processed
2025-05-28 13:51:41,559 - INFO - Inserted post: 1kucn4g - What do you do when you’ve learned so much and you...
2025-05-28 13:51:41,945 - INFO - Post 1kucn4g: 40 comments processed
2025-05-28 13:51:42,452 - INFO - Inserted post: 1kuqh36 - Found this interesting collection of mindfulness a...
2025-05-28 13:51:42,604 - INFO - Post 1kuqh36: 2 comments processed
2025-05-28 13:51:43,125 - INFO - Inserted post: 1kuh8sv - Untethered soul and dealing with stress...
2025-05-28 13:51:43,341 - INFO - Post 1kuh8sv: 7 comments processed
2025-05-28 13:51:43,849 - INFO - Inserted post: 1kua1tj - Anytime ‘Monkey Mind’ can overshadow our own abili...
2025-05-28 13:51:44,010 - INFO - Post 1kua1tj: 2 comments processed
2025-05-28 13:51:44,528 - INFO - Inserted post: 1kttru1 - Our mind is our garden...
2025-05-28 13:51:44,735 - INFO - Post 1kttru1: 4 comments processed
2025-05-28 13:51:45,244 - INFO - Inserted post: 1ku7x5j - My quarter-life crisis has been going on for too l...
2025-05-28 13:51:45,438 - INFO - Post 1ku7x5j: 7 comments processed
2025-05-28 13:51:45,957 - INFO - Inserted post: 1ktywqs - 90 days of daily reading changed how I feel, think...
2025-05-28 13:51:46,113 - INFO - Post 1ktywqs: 6 comments processed
2025-05-28 13:51:46,624 - INFO - Inserted post: 1ktzvco - An empty mind is a full mind ("mind-fullness")...
2025-05-28 13:51:46,753 - INFO - Post 1ktzvco: 0 comments processed
2025-05-28 13:51:47,271 - INFO - Inserted post: 1ku2jcc - Sensory deprivation...
2025-05-28 13:51:47,425 - INFO - Post 1ku2jcc: 3 comments processed
2025-05-28 13:51:47,932 - INFO - Inserted post: 1ktc5yj - Sometimes the most meaningful moments are the quie...
2025-05-28 13:51:48,076 - INFO - Post 1ktc5yj: 1 comments processed
2025-05-28 13:51:48,586 - INFO - Inserted post: 1ktml52 - Tea with a view! Does your environment change how ...
2025-05-28 13:51:48,725 - INFO - Post 1ktml52: 1 comments processed
2025-05-28 13:51:49,230 - INFO - Inserted post: 1ksok6c - I was a Buddhist Monk for 7 years AMA about Mindfu...
2025-05-28 13:51:50,837 - INFO - Post 1ksok6c: 211 comments processed
2025-05-28 13:51:51,340 - INFO - Inserted post: 1ktcr33 - I’m preparing for an entrance exam and the thought...
2025-05-28 13:51:51,513 - INFO - Post 1ktcr33: 4 comments processed
2025-05-28 13:51:52,021 - INFO - Inserted post: 1ksyz7l - How do I get started?...
2025-05-28 13:51:52,244 - INFO - Post 1ksyz7l: 12 comments processed
2025-05-28 13:51:52,763 - INFO - Inserted post: 1kt1ugz - I don't think I'm capable of change...
2025-05-28 13:51:52,966 - INFO - Post 1kt1ugz: 10 comments processed
2025-05-28 13:51:53,473 - INFO - Inserted post: 1ksweqe - Beginner question : Do you have to constantly retu...
2025-05-28 13:51:53,660 - INFO - Post 1ksweqe: 6 comments processed
2025-05-28 13:51:54,178 - INFO - Inserted post: 1ks0m4a - What’s a meaningful quote you remind yourself of w...
2025-05-28 13:51:54,658 - INFO - Post 1ks0m4a: 42 comments processed
2025-05-28 13:51:55,165 - INFO - Inserted post: 1ktady2 - Cool website for being present...
2025-05-28 13:51:55,285 - INFO - Post 1ktady2: 0 comments processed
2025-05-28 13:51:55,803 - INFO - Inserted post: 1kt1tjz - We can control the mind not the body...
2025-05-28 13:51:55,929 - INFO - Post 1kt1tjz: 0 comments processed
2025-05-28 13:51:56,436 - INFO - Inserted post: 1kswhoy - Beginner question : What is “enlightenment” really...
2025-05-28 13:51:56,743 - INFO - Post 1kswhoy: 15 comments processed
2025-05-28 13:51:57,262 - INFO - Inserted post: 1kt0c11 - Problems solving themselves...
2025-05-28 13:51:57,378 - INFO - Post 1kt0c11: 0 comments processed
2025-05-28 13:51:57,884 - INFO - Inserted post: 1kswidd - Beginner question : how to think or decide things?...
2025-05-28 13:51:58,037 - INFO - Post 1kswidd: 3 comments processed
2025-05-28 13:51:58,544 - INFO - Inserted post: 1kswfli - Beginner question : How do I stay mindful?...
2025-05-28 13:51:58,672 - INFO - Post 1kswfli: 1 comments processed
2025-05-28 13:51:59,179 - INFO - Inserted post: 1kswawh - Finally found peace through mindfulness - any info...
2025-05-28 13:51:59,332 - INFO - Post 1kswawh: 3 comments processed
2025-05-28 13:51:59,850 - INFO - Inserted post: 1ksrp3u - These are my two favourite playlists on Spotify th...
2025-05-28 13:51:59,994 - INFO - Post 1ksrp3u: 2 comments processed
2025-05-28 13:52:00,503 - INFO - Inserted post: 1ksomfu - I seem to only know “anticipation happiness” - doe...
2025-05-28 13:52:00,663 - INFO - Post 1ksomfu: 3 comments processed
2025-05-28 13:52:01,170 - INFO - Inserted post: 1kshzsb - Anyone else also a dudist?...
2025-05-28 13:52:01,402 - INFO - Post 1kshzsb: 15 comments processed
2025-05-28 13:52:01,920 - INFO - Inserted post: 1ks3l3i - 10% Happier.   The Dan Harris book....
2025-05-28 13:52:02,162 - INFO - Post 1ks3l3i: 15 comments processed
2025-05-28 13:52:02,680 - INFO - Inserted post: 1ksggm3 - Not burnout. Just a little out of sync....
2025-05-28 13:52:02,807 - INFO - Post 1ksggm3: 0 comments processed
2025-05-28 13:52:03,315 - INFO - Inserted post: 1ks8rr6 - I let peoples crap talking control my life and I’m...
2025-05-28 13:52:03,493 - INFO - Post 1ks8rr6: 5 comments processed
2025-05-28 13:52:04,011 - INFO - Inserted post: 1ks12vn - For people who’ve had success with mindfulness, do...
2025-05-28 13:52:04,339 - INFO - Post 1ks12vn: 27 comments processed
2025-05-28 13:52:04,857 - INFO - Inserted post: 1ksd4pn - How to fully focus...
2025-05-28 13:52:04,994 - INFO - Post 1ksd4pn: 3 comments processed
2025-05-28 13:52:05,501 - INFO - Inserted post: 1krzgd2 - I need your help....
2025-05-28 13:52:05,725 - INFO - Post 1krzgd2: 13 comments processed
2025-05-28 13:52:06,232 - INFO - Inserted post: 1krf97p - “Monkey Mind” painting by me :)...
2025-05-28 13:52:06,466 - INFO - Post 1krf97p: 17 comments processed
2025-05-28 13:52:06,976 - INFO - Inserted post: 1kr8s61 - I never realized how much my phone was pulling me ...
2025-05-28 13:52:07,139 - INFO - Post 1kr8s61: 4 comments processed
2025-05-28 13:52:07,652 - INFO - Inserted post: 1ks47ub - The Buddha didn't taught detachment to joy and ser...
2025-05-28 13:52:07,855 - INFO - Post 1ks47ub: 10 comments processed
2025-05-28 13:52:08,362 - INFO - Inserted post: 1krnzbc - Breathe...
2025-05-28 13:52:08,495 - INFO - Post 1krnzbc: 2 comments processed
2025-05-28 13:52:09,013 - INFO - Inserted post: 1krkbgb - Death Humbles...
2025-05-28 13:52:09,171 - INFO - Post 1krkbgb: 1 comments processed
2025-05-28 13:52:09,678 - INFO - Inserted post: 1krrrp6 - Has anyone here tried doing Inverted V stand?...
2025-05-28 13:52:09,786 - INFO - Post 1krrrp6: 0 comments processed
2025-05-28 13:52:10,305 - INFO - Inserted post: 1kr0fik - Happy Words...
2025-05-28 13:52:10,461 - INFO - Post 1kr0fik: 3 comments processed
2025-05-28 13:52:10,980 - INFO - Inserted post: 1krf1tk - My Cogito: Foco, ergo volo (I focus, therefore I w...
2025-05-28 13:52:11,127 - INFO - Post 1krf1tk: 3 comments processed
2025-05-28 13:52:11,884 - INFO - Post 1kr48yj: 8 comments processed
2025-05-28 13:52:12,392 - INFO - Inserted post: 1kr4qna - What is Being?...
2025-05-28 13:52:12,543 - INFO - Post 1kr4qna: 3 comments processed
2025-05-28 13:52:13,058 - INFO - Inserted post: 1kr98a6 - I've been obsessing over something recently...
2025-05-28 13:52:13,195 - INFO - Post 1kr98a6: 2 comments processed
2025-05-28 13:52:13,713 - INFO - Inserted post: 1kr4e9u - Mindulness and the brain...
2025-05-28 13:52:13,847 - INFO - Post 1kr4e9u: 1 comments processed
2025-05-28 13:52:14,364 - INFO - Inserted post: 1kr4fuj - Enlightment...
2025-05-28 13:52:14,511 - INFO - Post 1kr4fuj: 5 comments processed
2025-05-28 13:52:15,029 - INFO - Inserted post: 1kqex09 - The trap of being recognized as cheap....
2025-05-28 13:52:15,180 - INFO - Post 1kqex09: 4 comments processed
2025-05-28 13:52:15,698 - INFO - Inserted post: 1kqgpk8 - Can meditation or mindfulness help a straight man ...
2025-05-28 13:52:15,940 - INFO - Post 1kqgpk8: 20 comments processed
2025-05-28 13:52:16,447 - INFO - Inserted post: 1kpo5xf - You’ll never know how much you meant to someone....
2025-05-28 13:52:16,623 - INFO - Post 1kpo5xf: 6 comments processed
2025-05-28 13:52:17,143 - INFO - Inserted post: 1kq9kpz - Mindfulness and Pain...
2025-05-28 13:52:17,339 - INFO - Post 1kq9kpz: 9 comments processed
2025-05-28 13:52:17,846 - INFO - Inserted post: 1kql7u3 - Practicing focus an exploration of though...
2025-05-28 13:52:17,965 - INFO - Post 1kql7u3: 0 comments processed
2025-05-28 13:52:18,484 - INFO - Inserted post: 1kq4bfh - Creating a distance between the being and the mind...
2025-05-28 13:52:18,668 - INFO - Post 1kq4bfh: 5 comments processed
2025-05-28 13:52:19,175 - INFO - Inserted post: 1kpoqte - Ads for a parody mindfulness app that helps you “e...
2025-05-28 13:52:19,342 - INFO - Post 1kpoqte: 6 comments processed
2025-05-28 13:52:19,860 - INFO - Inserted post: 1kq12sb - Guided meditations...
2025-05-28 13:52:20,008 - INFO - Post 1kq12sb: 3 comments processed
2025-05-28 13:52:20,512 - INFO - Inserted post: 1kq2nsb - Talking with dear & near ones for long hours...
2025-05-28 13:52:20,636 - INFO - Post 1kq2nsb: 1 comments processed
2025-05-28 13:52:21,141 - INFO - Inserted post: 1kpswfr - With Mindfulness do you feel like we are trying to...
2025-05-28 13:52:21,334 - INFO - Post 1kpswfr: 8 comments processed
2025-05-28 13:52:21,849 - INFO - Inserted post: 1kpqkkt - Why the bad always feels louder and how mindfulnes...
2025-05-28 13:52:22,012 - INFO - Post 1kpqkkt: 0 comments processed
2025-05-28 13:52:22,522 - INFO - Inserted post: 1kq0etq - Is true strength and honor just an effect of how e...
2025-05-28 13:52:22,687 - INFO - Post 1kq0etq: 5 comments processed
2025-05-28 13:52:23,205 - INFO - Inserted post: 1kpnl2o - Physically feeling mindfulness...
2025-05-28 13:52:23,416 - INFO - Post 1kpnl2o: 8 comments processed
2025-05-28 13:52:23,935 - INFO - Inserted post: 1kpt79t - Honest Feedback on my Idea...
2025-05-28 13:52:24,052 - INFO - Post 1kpt79t: 0 comments processed
2025-05-28 13:52:24,561 - INFO - Inserted post: 1kpgljz - the real life experience of a 10 day vipassana med...
2025-05-28 13:52:24,689 - INFO - Post 1kpgljz: 0 comments processed
2025-05-28 13:52:25,208 - INFO - Inserted post: 1kpcfxl - How do I stop thinking?...
2025-05-28 13:52:25,489 - INFO - Post 1kpcfxl: 18 comments processed
2025-05-28 13:52:25,996 - INFO - Inserted post: 1kphtj6 - How to get out of this situation?...
2025-05-28 13:52:26,161 - INFO - Post 1kphtj6: 5 comments processed
2025-05-28 13:52:26,667 - INFO - Inserted post: 1koy0ud - I have a really hard time letting go of thoughts t...
2025-05-28 13:52:26,891 - INFO - Post 1koy0ud: 14 comments processed
2025-05-28 13:52:27,397 - INFO - Inserted post: 1kp3zpw - I caused an accident and feel real guilty and awfu...
2025-05-28 13:52:27,624 - INFO - Post 1kp3zpw: 15 comments processed
2025-05-28 13:52:28,140 - INFO - Inserted post: 1kpbklk - Fixation on the Positive...
2025-05-28 13:52:28,270 - INFO - Post 1kpbklk: 1 comments processed
2025-05-28 13:52:28,776 - INFO - Inserted post: 1kp6lpc - Is This Still Healing?...
2025-05-28 13:52:28,965 - INFO - Post 1kp6lpc: 6 comments processed
2025-05-28 13:52:29,483 - INFO - Inserted post: 1kp3jzv - Observing Thoughts Question...
2025-05-28 13:52:29,665 - INFO - Post 1kp3jzv: 8 comments processed
2025-05-28 13:52:30,169 - INFO - Inserted post: 1koqj28 - Knowledge is not the product of the mind!...
2025-05-28 13:52:30,347 - INFO - Post 1koqj28: 4 comments processed
2025-05-28 13:52:30,865 - INFO - Inserted post: 1koyei1 - Help (recommendation)...
2025-05-28 13:52:31,023 - INFO - Post 1koyei1: 3 comments processed
2025-05-28 13:52:31,531 - INFO - Inserted post: 1kos56c - What are thoughts?...
2025-05-28 13:52:31,742 - INFO - Post 1kos56c: 12 comments processed
2025-05-28 13:52:32,261 - INFO - Inserted post: 1kofv86 - Partner using drugs and alcohol...
2025-05-28 13:52:32,602 - INFO - Post 1kofv86: 31 comments processed
2025-05-28 13:52:33,122 - INFO - Inserted post: 1ko46av - The Happiness to Just Be...
2025-05-28 13:52:33,317 - INFO - Post 1ko46av: 3 comments processed
2025-05-28 13:52:33,824 - INFO - Inserted post: 1kohe14 - Do you have a go-to timer you use for meditation? ...
2025-05-28 13:52:34,027 - INFO - Post 1kohe14: 6 comments processed
2025-05-28 13:52:34,531 - INFO - Inserted post: 1knexdd - An Oil Painting I made for an organization that of...
2025-05-28 13:52:34,771 - INFO - Post 1knexdd: 16 comments processed
2025-05-28 13:52:37,146 - INFO - Inserted post: 1ko2j7o - How do I stop being so negativ...
2025-05-28 13:52:37,391 - INFO - Post 1ko2j7o: 18 comments processed
2025-05-28 13:52:37,910 - INFO - Inserted post: 1koavib - Mindfulness Helped Me Reset My Life — I Just Publi...
2025-05-28 13:52:38,080 - INFO - Post 1koavib: 3 comments processed
2025-05-28 13:52:38,593 - INFO - Inserted post: 1ko4wt5 - Extension of Depletion Theory...
2025-05-28 13:52:38,726 - INFO - Post 1ko4wt5: 0 comments processed
2025-05-28 13:52:39,245 - INFO - Inserted post: 1kog18d - The kingdom of God is within you - Jesus of Nazare...
2025-05-28 13:52:39,381 - INFO - Post 1kog18d: 1 comments processed
2025-05-28 13:52:39,900 - INFO - Inserted post: 1knp2y6 - I feel like my short-term memory is getting worse ...
2025-05-28 13:52:40,065 - INFO - Post 1knp2y6: 4 comments processed
2025-05-28 13:52:40,584 - INFO - Inserted post: 1knarib - Mindfulness helped me quit smoking...
2025-05-28 13:52:40,765 - INFO - Post 1knarib: 3 comments processed
2025-05-28 13:52:41,274 - INFO - Inserted post: 1knasjz - I didn’t realize how loud everything was until I f...
2025-05-28 13:52:41,516 - INFO - Post 1knasjz: 7 comments processed
2025-05-28 13:52:42,034 - INFO - Inserted post: 1knotqy - DAE have a tough time following those... positive ...
2025-05-28 13:52:42,201 - INFO - Post 1knotqy: 2 comments processed
2025-05-28 13:52:42,707 - INFO - Inserted post: 1kna1sb - Mindfulness Helped Me Stop Waiting to “Feel” Confi...
2025-05-28 13:52:42,909 - INFO - Post 1kna1sb: 1 comments processed
2025-05-28 13:52:43,427 - INFO - Inserted post: 1knc8cj - Using evolving sound to support mindfulness practi...
2025-05-28 13:52:43,604 - INFO - Post 1knc8cj: 2 comments processed
2025-05-28 13:52:44,111 - INFO - Inserted post: 1kn5r97 - Looking for answers.....
2025-05-28 13:52:44,298 - INFO - Post 1kn5r97: 4 comments processed
2025-05-28 13:52:44,807 - INFO - Inserted post: 1kn8dv7 - overthinking negative thoughts...
2025-05-28 13:52:45,004 - INFO - Post 1kn8dv7: 4 comments processed
2025-05-28 13:52:45,511 - INFO - Inserted post: 1kmi4wi - Do you talk to yourself when practicing mindfulnes...
2025-05-28 13:52:45,780 - INFO - Post 1kmi4wi: 23 comments processed
2025-05-28 13:52:46,287 - INFO - Inserted post: 1kmriay - What if the unhealthy communication patterns in ou...
2025-05-28 13:52:46,437 - INFO - Post 1kmriay: 1 comments processed
2025-05-28 13:52:46,945 - INFO - Inserted post: 1km68cb - how do you get yourself to cry when you feel emoti...
2025-05-28 13:52:47,375 - INFO - Post 1km68cb: 43 comments processed
2025-05-28 13:52:47,894 - INFO - Inserted post: 1kn5020 - Me and my friend were searching about the theory o...
2025-05-28 13:52:48,080 - INFO - Post 1kn5020: 10 comments processed
2025-05-28 13:52:48,598 - INFO - Inserted post: 1kmj8zm - Do you focus on your lungs when meditating?...
2025-05-28 13:52:48,784 - INFO - Post 1kmj8zm: 7 comments processed
2025-05-28 13:52:49,301 - INFO - Inserted post: 1km9pej - Navigating Anxiety in an Uncertain World - Free re...
2025-05-28 13:52:49,452 - INFO - Post 1km9pej: 2 comments processed
2025-05-28 13:52:49,974 - INFO - Inserted post: 1km2gvw - I feel like I’m changing, and it’s confusing and s...
2025-05-28 13:52:50,174 - INFO - Post 1km2gvw: 5 comments processed
2025-05-28 13:52:50,681 - INFO - Inserted post: 1km3byw - What's the reason that you meditate?...
2025-05-28 13:52:50,900 - INFO - Post 1km3byw: 8 comments processed
2025-05-28 13:52:51,419 - INFO - Inserted post: 1kljxlg - Is it reality or is it a thought?...
2025-05-28 13:52:51,630 - INFO - Post 1kljxlg: 13 comments processed
2025-05-28 13:52:52,148 - INFO - Inserted post: 1klusrf - Is self consciousness and acceptance really the le...
2025-05-28 13:52:52,385 - INFO - Post 1klusrf: 17 comments processed
2025-05-28 13:52:52,893 - INFO - Inserted post: 1kl816p - Still craving nicotine after 5 weeks, any tips?...
2025-05-28 13:52:53,378 - INFO - Post 1kl816p: 59 comments processed
2025-05-28 13:52:53,885 - INFO - Inserted post: 1klprns - Mindfulness means awareness and we are that, alrea...
2025-05-28 13:52:54,049 - INFO - Post 1klprns: 0 comments processed
2025-05-28 13:52:54,568 - INFO - Inserted post: 1klu3lc - A more in-depth book about mindfulness/meditation ...
2025-05-28 13:52:54,777 - INFO - Post 1klu3lc: 9 comments processed
2025-05-28 13:52:55,283 - INFO - Inserted post: 1kl2kzx - Ironically, I cannot sleep well when my muscles ge...
2025-05-28 13:52:55,587 - INFO - Post 1kl2kzx: 19 comments processed
2025-05-28 13:52:56,107 - INFO - Inserted post: 1kljc8b - I created a free Digital Wellbeing Tool that helps...
2025-05-28 13:52:56,214 - INFO - Post 1kljc8b: 0 comments processed
2025-05-28 13:52:56,720 - INFO - Inserted post: 1kkomdf - NARCISSSIM : It’s something that’s hard to explain...
2025-05-28 13:52:56,920 - INFO - Post 1kkomdf: 9 comments processed
2025-05-28 13:52:57,427 - INFO - Inserted post: 1kl6rfu - How do you let yourself just flow while not gettin...
2025-05-28 13:52:57,582 - INFO - Post 1kl6rfu: 2 comments processed
2025-05-28 13:52:58,091 - INFO - Inserted post: 1kl5dm1 - New colors while practicing?...
2025-05-28 13:52:58,246 - INFO - Post 1kl5dm1: 1 comments processed
2025-05-28 13:52:58,763 - INFO - Inserted post: 1kl8584 - What’s a good IG or YouTube account that does quic...
2025-05-28 13:52:58,874 - INFO - Post 1kl8584: 0 comments processed
2025-05-28 13:52:59,383 - INFO - Inserted post: 1kkph74 - Mother’s Day used to hurt. Now I celebrate breakin...
2025-05-28 13:52:59,536 - INFO - Post 1kkph74: 1 comments processed
2025-05-28 13:53:00,054 - INFO - Inserted post: 1kk6j5o - I stopped chasing happiness and started noticing p...
2025-05-28 13:53:00,388 - INFO - Post 1kk6j5o: 31 comments processed
2025-05-28 13:53:00,907 - INFO - Inserted post: 1kkmf1k - Am I cursed?...
2025-05-28 13:53:01,240 - INFO - Post 1kkmf1k: 23 comments processed
2025-05-28 13:53:01,758 - INFO - Inserted post: 1kkrqc6 - These are my two favourite playlists on Spotify th...
2025-05-28 13:53:01,890 - INFO - Post 1kkrqc6: 0 comments processed
2025-05-28 13:53:02,407 - INFO - Inserted post: 1kkp0mh - How do you get in touch with your feelings?...
2025-05-28 13:53:02,635 - INFO - Post 1kkp0mh: 12 comments processed
2025-05-28 13:53:03,143 - INFO - Inserted post: 1kkfyeh - How to practice mindfulness without thinking "this...
2025-05-28 13:53:03,322 - INFO - Post 1kkfyeh: 4 comments processed
2025-05-28 13:53:03,840 - INFO - Inserted post: 1kk16uq - LPT: People will forget what you said, what you di...
2025-05-28 13:53:04,020 - INFO - Post 1kk16uq: 4 comments processed
2025-05-28 13:53:04,528 - INFO - Inserted post: 1kkfq8r - Have you learned to deal with intrusive noise?...
2025-05-28 13:53:04,693 - INFO - Post 1kkfq8r: 3 comments processed
2025-05-28 13:53:05,219 - INFO - Inserted post: 1kk6yay - Help, The World Is On Fire...
2025-05-28 13:53:05,396 - INFO - Post 1kk6yay: 3 comments processed
2025-05-28 13:53:05,914 - INFO - Inserted post: 1kkbmd2 - Self Help Instagram Account...
2025-05-28 13:53:06,059 - INFO - Post 1kkbmd2: 1 comments processed
2025-05-28 13:53:06,578 - INFO - Inserted post: 1kk4dfu - Is detachment the best way to rid yourself of limi...
2025-05-28 13:53:06,753 - INFO - Post 1kk4dfu: 5 comments processed
2025-05-28 13:53:07,260 - INFO - Inserted post: 1kjmu5t - I stopped trying to fix my mind. I started listeni...
2025-05-28 13:53:07,409 - INFO - Post 1kjmu5t: 2 comments processed
2025-05-28 13:53:07,928 - INFO - Inserted post: 1kk4sdn - Dawn chorus on the Mon and Brec canal...
2025-05-28 13:53:08,087 - INFO - Post 1kk4sdn: 2 comments processed
2025-05-28 13:53:08,595 - INFO - Inserted post: 1kjgmz0 - Do you believe that, what you seek is seeking you ...
2025-05-28 13:53:08,802 - INFO - Post 1kjgmz0: 14 comments processed
2025-05-28 13:53:09,320 - INFO - Inserted post: 1kjoajf - I feel empty within, nothing excites me anymore...
2025-05-28 13:53:09,573 - INFO - Post 1kjoajf: 16 comments processed
2025-05-28 13:53:10,102 - INFO - Inserted post: 1kjzf2u - I feel that the definition of mindfulness is ambig...
2025-05-28 13:53:10,367 - INFO - Post 1kjzf2u: 21 comments processed
2025-05-28 13:53:10,885 - INFO - Inserted post: 1kjpgvm - What if we were books or movies? Thoughts on the m...
2025-05-28 13:53:11,041 - INFO - Post 1kjpgvm: 1 comments processed
2025-05-28 13:53:11,548 - INFO - Inserted post: 1kjf4yt - Mindfulness for when you have made a huge mistake?...
2025-05-28 13:53:11,890 - INFO - Post 1kjf4yt: 35 comments processed
2025-05-28 13:53:12,409 - INFO - Inserted post: 1kjh03b - How to let go of anger?...
2025-05-28 13:53:12,639 - INFO - Post 1kjh03b: 12 comments processed
2025-05-28 13:53:13,157 - INFO - Inserted post: 1kizkpm - Ugh…I caught myself spiraling—and this one questio...
2025-05-28 13:53:13,464 - INFO - Post 1kizkpm: 27 comments processed
2025-05-28 13:53:13,983 - INFO - Inserted post: 1kjktsw - Has anyone else noticed an increase in mindfulness...
2025-05-28 13:53:14,168 - INFO - Post 1kjktsw: 1 comments processed
2025-05-28 13:53:14,686 - INFO - Inserted post: 1kj30w7 - I want to understand the relationship between medi...
2025-05-28 13:53:14,964 - INFO - Post 1kj30w7: 13 comments processed
2025-05-28 13:53:15,470 - INFO - Inserted post: 1kickr5 - I painted my dream...
2025-05-28 13:53:15,619 - INFO - Post 1kickr5: 2 comments processed
2025-05-28 13:53:16,137 - INFO - Inserted post: 1kilkgq - I used to think being alone meant something was wr...
2025-05-28 13:53:16,363 - INFO - Post 1kilkgq: 9 comments processed
2025-05-28 13:53:16,870 - INFO - Inserted post: 1kiwsr4 - Can practicing mindfulness cure brain fog?...
2025-05-28 13:53:17,076 - INFO - Post 1kiwsr4: 15 comments processed
2025-05-28 13:53:17,594 - INFO - Inserted post: 1kivv6y - Imagine everything existing the way it is now but ...
2025-05-28 13:53:17,768 - INFO - Post 1kivv6y: 4 comments processed
2025-05-28 13:53:18,276 - INFO - Inserted post: 1kitrzf - Realising I come across entirely differently on vi...
2025-05-28 13:53:18,407 - INFO - Post 1kitrzf: 0 comments processed
2025-05-28 13:53:18,926 - INFO - Inserted post: 1kimvng - Mindful rest vs. numbing out — how do you tell the...
2025-05-28 13:53:19,104 - INFO - Post 1kimvng: 5 comments processed
2025-05-28 13:53:19,610 - INFO - Inserted post: 1kifnim - Gossips, rumours die when it reaches Wise man’s ea...
2025-05-28 13:53:19,733 - INFO - Post 1kifnim: 0 comments processed
2025-05-28 13:53:20,251 - INFO - Inserted post: 1kiyh25 - Subconscious Suggestion - The Internal Hypnotist...
2025-05-28 13:53:20,442 - INFO - Post 1kiyh25: 2 comments processed
2025-05-28 13:53:20,961 - INFO - Inserted post: 1kih0ah - Help! How important is focusing on a single thing?...
2025-05-28 13:53:21,115 - INFO - Post 1kih0ah: 4 comments processed
2025-05-28 13:53:21,632 - INFO - Inserted post: 1ki0bak - The Four Horses...
2025-05-28 13:53:21,769 - INFO - Post 1ki0bak: 1 comments processed
2025-05-28 13:53:22,287 - INFO - Inserted post: 1khxfel - Hoe do you deal with the fear of dying/time passin...
2025-05-28 13:53:22,717 - INFO - Post 1khxfel: 49 comments processed
2025-05-28 13:53:23,230 - INFO - Inserted post: 1khys9t - Creating Calm with Sound - A Soundscape for Focus ...
2025-05-28 13:53:23,377 - INFO - Post 1khys9t: 1 comments processed
2025-05-28 13:53:23,886 - INFO - Inserted post: 1khjcuh - Cant live at the moment...
2025-05-28 13:53:24,139 - INFO - Post 1khjcuh: 20 comments processed
2025-05-28 13:53:24,656 - INFO - Inserted post: 1khwiz6 - Replacing Attention's Flashlight with A Constellat...
2025-05-28 13:53:24,777 - INFO - Post 1khwiz6: 0 comments processed
2025-05-28 13:53:25,284 - INFO - Inserted post: 1kh6023 - The difference between perception and perspective ...
2025-05-28 13:53:25,520 - INFO - Post 1kh6023: 14 comments processed
2025-05-28 13:53:26,038 - INFO - Inserted post: 1khdp4t - Why do most people vividly dream of family conflic...
2025-05-28 13:53:26,188 - INFO - Post 1khdp4t: 3 comments processed
2025-05-28 13:53:26,695 - INFO - Inserted post: 1kh7mma - Beginning mindfulness...
2025-05-28 13:53:26,914 - INFO - Post 1kh7mma: 11 comments processed
2025-05-28 13:53:27,422 - INFO - Inserted post: 1kh74ob - When you practice mindfulness do you try to keep y...
2025-05-28 13:53:27,620 - INFO - Post 1kh74ob: 8 comments processed
2025-05-28 13:53:28,127 - INFO - Inserted post: 1kh4iun - A mind understanding itself...
2025-05-28 13:53:28,268 - INFO - Post 1kh4iun: 1 comments processed
2025-05-28 13:53:28,787 - INFO - Inserted post: 1kgstun - Better-than-others mindset - which I need to chang...
2025-05-28 13:53:29,038 - INFO - Post 1kgstun: 14 comments processed
2025-05-28 13:53:29,555 - INFO - Inserted post: 1kh10ji - Just don’t hold the breath- meditation answer...
2025-05-28 13:53:29,701 - INFO - Post 1kh10ji: 1 comments processed
2025-05-28 13:53:30,218 - INFO - Inserted post: 1khjj0f - I truely want to make myself stop seeing red...
2025-05-28 13:53:30,382 - INFO - Post 1khjj0f: 4 comments processed
2025-05-28 13:53:30,900 - INFO - Inserted post: 1kh0xw2 - Im scared of feeling strong emotions because if i ...
2025-05-28 13:53:31,120 - INFO - Post 1kh0xw2: 18 comments processed
2025-05-28 13:53:31,637 - INFO - Inserted post: 1kgymk6 - Help With Meditation Music...
2025-05-28 13:53:31,752 - INFO - Post 1kgymk6: 0 comments processed
2025-05-28 13:53:32,271 - INFO - Inserted post: 1kggw2o - How to stop constantly getting angry with parents?...
2025-05-28 13:53:32,495 - INFO - Post 1kggw2o: 12 comments processed
2025-05-28 13:53:33,011 - INFO - Inserted post: 1kg45r9 - Breath watching is the answer...
2025-05-28 13:53:33,242 - INFO - Post 1kg45r9: 14 comments processed
2025-05-28 13:53:33,760 - INFO - Inserted post: 1kg814r - Any women struggling with burnout, anxiety or feel...
2025-05-28 13:53:33,935 - INFO - Post 1kg814r: 6 comments processed
2025-05-28 13:53:34,453 - INFO - Inserted post: 1kgnw1o - Struggling with mindfulness. Any helpful suggestio...
2025-05-28 13:53:34,636 - INFO - Post 1kgnw1o: 4 comments processed
2025-05-28 13:53:35,154 - INFO - Inserted post: 1kgtpuu - Creating a queer, mindful experience...
2025-05-28 13:53:35,289 - INFO - Post 1kgtpuu: 1 comments processed
2025-05-28 13:53:35,807 - INFO - Inserted post: 1kg5jsl - One must first develop the self, in order to forge...
2025-05-28 13:53:35,973 - INFO - Post 1kg5jsl: 7 comments processed
2025-05-28 13:53:36,492 - INFO - Inserted post: 1kg7lag - Unwinding ritual at the end of the day....
2025-05-28 13:53:36,625 - INFO - Post 1kg7lag: 0 comments processed
2025-05-28 13:53:37,144 - INFO - Inserted post: 1kggnbx - Women of Reddit: What’s the best way for a guy to ...
2025-05-28 13:53:37,390 - INFO - Post 1kggnbx: 17 comments processed
2025-05-28 13:53:37,908 - INFO - Inserted post: 1kg6acv - The Architecture of Focus...
2025-05-28 13:53:38,123 - INFO - Post 1kg6acv: 0 comments processed
2025-05-28 13:53:38,629 - INFO - Inserted post: 1kfmcdd - Can Mindfulness Truly Help with Generalized Anxiet...
2025-05-28 13:53:39,021 - INFO - Post 1kfmcdd: 27 comments processed
2025-05-28 13:53:39,538 - INFO - Inserted post: 1kg8pfj - Do you like to think of the practice of awareness ...
2025-05-28 13:53:39,696 - INFO - Post 1kg8pfj: 5 comments processed
2025-05-28 13:53:40,203 - INFO - Inserted post: 1kfkoxf - So How Exactly do I Practice Mindfulness?...
2025-05-28 13:53:40,478 - INFO - Post 1kfkoxf: 20 comments processed
2025-05-28 13:53:40,997 - INFO - Inserted post: 1kfixqs - Be the river, at peace with every bend...
2025-05-28 13:53:41,165 - INFO - Post 1kfixqs: 5 comments processed
2025-05-28 13:53:41,672 - INFO - Inserted post: 1kf8jdp - Told myself this Mental Health Awareness Month I’d...
2025-05-28 13:53:41,925 - INFO - Post 1kf8jdp: 19 comments processed
2025-05-28 13:53:42,444 - INFO - Inserted post: 1kfibr0 - Digging deeper into how meditation rewires the bra...
2025-05-28 13:53:42,595 - INFO - Post 1kfibr0: 2 comments processed
2025-05-28 13:53:43,112 - INFO - Inserted post: 1kfd8zp - Not every thought needs a reaction. Some just need...
2025-05-28 13:53:43,250 - INFO - Post 1kfd8zp: 1 comments processed
2025-05-28 13:53:43,767 - INFO - Inserted post: 1kfj3ir - Mindful Phone Wallpapers...
2025-05-28 13:53:43,902 - INFO - Post 1kfj3ir: 1 comments processed
2025-05-28 13:53:44,408 - INFO - Inserted post: 1kfaf3e - Identification...
2025-05-28 13:53:44,558 - INFO - Post 1kfaf3e: 2 comments processed
2025-05-28 13:53:45,076 - INFO - Inserted post: 1kewk4s - Why am i different and so empty?...
2025-05-28 13:53:45,397 - INFO - Post 1kewk4s: 22 comments processed
2025-05-28 13:53:45,916 - INFO - Inserted post: 1kf3y9b - How I took control of my life as a Tech worker and...
2025-05-28 13:53:46,036 - INFO - Post 1kf3y9b: 0 comments processed
2025-05-28 13:53:46,555 - INFO - Inserted post: 1kfhwpx - eternal debate between my "spirituality" and my hu...
2025-05-28 13:53:46,711 - INFO - Post 1kfhwpx: 4 comments processed
2025-05-28 13:53:47,229 - INFO - Inserted post: 1kf37np - "Your thoughts aren't true"...
2025-05-28 13:53:47,735 - INFO - Post 1kf37np: 36 comments processed
2025-05-28 13:53:48,242 - INFO - Inserted post: 1kfeicu - Is it possible to be aware /meditate during sleep...
2025-05-28 13:53:48,418 - INFO - Post 1kfeicu: 4 comments processed
2025-05-28 13:53:50,332 - INFO - Inserted post: 1kfdw7w - what do you think?...
2025-05-28 13:53:50,473 - INFO - Post 1kfdw7w: 1 comments processed
2025-05-28 13:53:50,979 - INFO - Inserted post: 1kew3fr - Discord community for awake friends and those on t...
2025-05-28 13:53:51,100 - INFO - Post 1kew3fr: 0 comments processed
2025-05-28 13:53:51,618 - INFO - Inserted post: 1keaizc - What do you do when you feel lonely?...
2025-05-28 13:53:51,952 - INFO - Post 1keaizc: 38 comments processed
2025-05-28 13:53:52,459 - INFO - Inserted post: 1kefaqh - Great mindfulness technique...
2025-05-28 13:53:52,640 - INFO - Post 1kefaqh: 7 comments processed
2025-05-28 13:53:53,147 - INFO - Inserted post: 1ke4c4w - Took about a year and a half to recover from two v...
2025-05-28 13:53:53,321 - INFO - Post 1ke4c4w: 3 comments processed
2025-05-28 13:53:53,829 - INFO - Inserted post: 1kedpg3 - Moving on from the addiction to happiness...
2025-05-28 13:53:53,939 - INFO - Post 1kedpg3: 0 comments processed
2025-05-28 13:53:54,446 - INFO - Inserted post: 1ke6cvi - The Erosion of Empathy: When “What Will I Get? Tak...
2025-05-28 13:53:54,569 - INFO - Post 1ke6cvi: 0 comments processed
2025-05-28 13:53:55,232 - INFO - Post 1ke7vjo: 1 comments processed
2025-05-28 13:53:55,751 - INFO - Inserted post: 1ke24qt - I want peace of mind...
2025-05-28 13:53:55,969 - INFO - Post 1ke24qt: 14 comments processed
2025-05-28 13:53:56,475 - INFO - Inserted post: 1kdm19q - I just finished a 6 month mindfulness meditation p...
2025-05-28 13:53:56,686 - INFO - Post 1kdm19q: 12 comments processed
2025-05-28 13:53:57,193 - INFO - Inserted post: 1ke4lsn - Ever feel like your thoughts are looping — like yo...
2025-05-28 13:53:57,356 - INFO - Post 1ke4lsn: 3 comments processed
2025-05-28 13:53:57,864 - INFO - Inserted post: 1ke2yxa - How to be equanimous to muscular tensions?...
2025-05-28 13:53:58,001 - INFO - Post 1ke2yxa: 3 comments processed
2025-05-28 13:53:58,518 - INFO - Inserted post: 1kdpq3s - For transformation to happen, is the secret to bei...
2025-05-28 13:53:58,699 - INFO - Post 1kdpq3s: 9 comments processed
2025-05-28 13:53:59,204 - INFO - Inserted post: 1kd6ux5 - I realized I don’t need to fix everything in my li...
2025-05-28 13:53:59,421 - INFO - Post 1kd6ux5: 15 comments processed
2025-05-28 13:53:59,926 - INFO - Inserted post: 1kdoswb - Meditation Techniques to Cultivate Sharp and Unwav...
2025-05-28 13:54:00,072 - INFO - Post 1kdoswb: 2 comments processed
2025-05-28 13:54:00,578 - INFO - Inserted post: 1kd90i6 - What's one small mindful practice that transformed...
2025-05-28 13:54:00,813 - INFO - Post 1kd90i6: 15 comments processed
2025-05-28 13:54:01,320 - INFO - Inserted post: 1kdi5j9 - Life of distraction...
2025-05-28 13:54:01,482 - INFO - Post 1kdi5j9: 3 comments processed
2025-05-28 13:54:01,989 - INFO - Inserted post: 1kd5ah6 - How mindfulness helped me reconnect with my body a...
2025-05-28 13:54:02,176 - INFO - Post 1kd5ah6: 6 comments processed
2025-05-28 13:54:02,694 - INFO - Inserted post: 1kcw58u - The reality of childhood trauma....
2025-05-28 13:54:02,924 - INFO - Post 1kcw58u: 11 comments processed
2025-05-28 13:54:03,432 - INFO - Inserted post: 1kco3r4 - How to overcome Grief...
2025-05-28 13:54:03,587 - INFO - Post 1kco3r4: 3 comments processed
2025-05-28 13:54:04,105 - INFO - Inserted post: 1kd4qlg - Looking for specific mindfulness resources....
2025-05-28 13:54:04,277 - INFO - Post 1kd4qlg: 4 comments processed
2025-05-28 13:54:04,785 - INFO - Inserted post: 1kdbbab - First time here, I find myself struggling to contr...
2025-05-28 13:54:04,939 - INFO - Post 1kdbbab: 4 comments processed
2025-05-28 13:54:05,457 - INFO - Inserted post: 1kd0zau - How do you do progressions in mindfulness?...
2025-05-28 13:54:05,673 - INFO - Post 1kd0zau: 12 comments processed
2025-05-28 13:54:06,180 - INFO - Inserted post: 1kc7o8e - The reality of growing up with a Narcissistic Pare...
2025-05-28 13:54:06,553 - INFO - Post 1kc7o8e: 37 comments processed
2025-05-28 13:54:07,060 - INFO - Inserted post: 1kcw8v4 - Getting nothing done...
2025-05-28 13:54:07,204 - INFO - Post 1kcw8v4: 0 comments processed
2025-05-28 13:54:07,720 - INFO - Inserted post: 1kcylw4 - Body...
2025-05-28 13:54:07,891 - INFO - Post 1kcylw4: 5 comments processed
2025-05-28 13:54:08,400 - INFO - Inserted post: 1kculos - What do you struggle with when trying to practice ...
2025-05-28 13:54:08,573 - INFO - Post 1kculos: 5 comments processed
2025-05-28 13:54:09,091 - INFO - Inserted post: 1kcfcdg - are intrusive thoughts a symptom of narcissistic a...
2025-05-28 13:54:09,406 - INFO - Post 1kcfcdg: 25 comments processed
2025-05-28 13:54:09,917 - INFO - Inserted post: 1kc6rmv - What mindfulness teaches me about “Me Time”....
2025-05-28 13:54:10,090 - INFO - Post 1kc6rmv: 5 comments processed
2025-05-28 13:54:10,608 - INFO - Inserted post: 1kcpzzs - Awareness meditation...
2025-05-28 13:54:10,760 - INFO - Post 1kcpzzs: 5 comments processed
2025-05-28 13:54:11,266 - INFO - Inserted post: 1kcdauu - These are my two favourite playlists on Spotify th...
2025-05-28 13:54:11,409 - INFO - Post 1kcdauu: 0 comments processed
2025-05-28 13:54:11,927 - INFO - Inserted post: 1kbrege - Sometimes my mind thinks it's helping me — when it...
2025-05-28 13:54:12,061 - INFO - Post 1kbrege: 1 comments processed
2025-05-28 13:54:12,580 - INFO - Inserted post: 1kcbo62 - Curious about how light might support mindful stat...
2025-05-28 13:54:12,724 - INFO - Post 1kcbo62: 1 comments processed
2025-05-28 13:54:13,242 - INFO - Inserted post: 1kc2pqs - Mindful of changing rooms...
2025-05-28 13:54:13,409 - INFO - Post 1kc2pqs: 4 comments processed
2025-05-28 13:54:13,927 - INFO - Inserted post: 1kbuyys - Why should we not be caught up in pleasant mind st...
2025-05-28 13:54:14,116 - INFO - Post 1kbuyys: 8 comments processed
2025-05-28 13:54:14,634 - INFO - Inserted post: 1kbtudy - Do you feel the need to let go of your body in ord...
2025-05-28 13:54:14,830 - INFO - Post 1kbtudy: 10 comments processed
2025-05-28 13:54:15,346 - INFO - Inserted post: 1kbn3tn - Same seat,same question ,same paper different futu...
2025-05-28 13:54:15,508 - INFO - Post 1kbn3tn: 3 comments processed
2025-05-28 13:54:16,027 - INFO - Inserted post: 1kbrw4k - Seeking feedback from mindfulness coaches - buildi...
2025-05-28 13:54:16,153 - INFO - Post 1kbrw4k: 0 comments processed
2025-05-28 13:54:16,672 - INFO - Inserted post: 1kbh0bu - How mindfulness helped me stop feeling like I was ...
2025-05-28 13:54:16,799 - INFO - Post 1kbh0bu: 0 comments processed
2025-05-28 13:54:17,317 - INFO - Inserted post: 1kbz2wc - True Colors: The Ultimate Self-Discovery Card Game...
2025-05-28 13:54:17,437 - INFO - Post 1kbz2wc: 0 comments processed
2025-05-28 13:54:17,954 - INFO - Inserted post: 1kbjobz - Resetting the Clock...
2025-05-28 13:54:18,152 - INFO - Post 1kbjobz: 11 comments processed
2025-05-28 13:54:18,668 - INFO - Inserted post: 1kbg52f - Help me understand what it means to love yourself ...
2025-05-28 13:54:18,969 - INFO - Post 1kbg52f: 13 comments processed
2025-05-28 13:54:19,620 - INFO - Post 1kbfgax: 1 comments processed
2025-05-28 13:54:20,139 - INFO - Inserted post: 1kaw365 - Trying to reconnect with nature, mentally and phys...
2025-05-28 13:54:20,324 - INFO - Post 1kaw365: 9 comments processed
2025-05-28 13:54:20,831 - INFO - Inserted post: 1kab7z6 - How to let go of Control...
2025-05-28 13:54:21,084 - INFO - Post 1kab7z6: 11 comments processed
2025-05-28 13:54:21,601 - INFO - Inserted post: 1kb96v2 - Can you count Suckas...
2025-05-28 13:54:21,722 - INFO - Post 1kb96v2: 0 comments processed
2025-05-28 13:54:22,226 - INFO - Inserted post: 1kak5it - How to be more present...
2025-05-28 13:54:22,373 - INFO - Post 1kak5it: 2 comments processed
2025-05-28 13:54:22,891 - INFO - Inserted post: 1kal7fw - Would prayer also be a mindfulness practice?...
2025-05-28 13:54:23,069 - INFO - Post 1kal7fw: 9 comments processed
2025-05-28 13:54:23,575 - INFO - Inserted post: 1kah3s3 - Gf suffering from panic and anxiety...
2025-05-28 13:54:23,908 - INFO - Post 1kah3s3: 38 comments processed
2025-05-28 13:54:24,426 - INFO - Inserted post: 1ka54go - Letting go didn’t feel like freedom at first. It f...
2025-05-28 13:54:24,608 - INFO - Post 1ka54go: 10 comments processed
2025-05-28 13:54:25,123 - INFO - Inserted post: 1kafcac - Has anyone felt like they're "not good enough" or ...
2025-05-28 13:54:25,297 - INFO - Post 1kafcac: 5 comments processed
2025-05-28 13:54:25,815 - INFO - Inserted post: 1ka16wb - Want a better meditation practice? Start with lunc...
2025-05-28 13:54:25,989 - INFO - Post 1ka16wb: 5 comments processed
2025-05-28 13:54:26,495 - INFO - Inserted post: 1k9u6ne - Mindfulness meditation can reduce work-related str...
2025-05-28 13:54:26,726 - INFO - Post 1k9u6ne: 9 comments processed
2025-05-28 13:54:27,244 - INFO - Inserted post: 1ka80hf - How to be present? I realized I’m always thinking ...
2025-05-28 13:54:27,409 - INFO - Post 1ka80hf: 4 comments processed
2025-05-28 13:54:27,916 - INFO - Inserted post: 1k9sgan - How do you stay mindful during stressful days?...
2025-05-28 13:54:28,210 - INFO - Post 1k9sgan: 18 comments processed
2025-05-28 13:54:28,729 - INFO - Inserted post: 1k9ynxb - Living with pain and finding stillness....
2025-05-28 13:54:28,854 - INFO - Post 1k9ynxb: 0 comments processed
2025-05-28 13:54:29,363 - INFO - Inserted post: 1k9yl99 - I’m trying hard to move on but I can’t.. I’m full ...
2025-05-28 13:54:29,537 - INFO - Post 1k9yl99: 3 comments processed
2025-05-28 13:54:30,051 - INFO - Inserted post: 1k9yekl - Sometimes what we seek arrives – just not in the w...
2025-05-28 13:54:30,178 - INFO - Post 1k9yekl: 0 comments processed
2025-05-28 13:54:30,682 - INFO - Inserted post: 1ka1u9v - Cyclical Harmful Feelings and Thoughts...
2025-05-28 13:54:30,836 - INFO - Post 1ka1u9v: 1 comments processed
2025-05-28 13:54:31,352 - INFO - Inserted post: 1k9qxi5 - How to manage being annoyed acutely...
2025-05-28 13:54:31,494 - INFO - Post 1k9qxi5: 3 comments processed
2025-05-28 13:54:32,001 - INFO - Inserted post: 1k959li - Maybe the real practice is just remembering what w...
2025-05-28 13:54:32,293 - INFO - Post 1k959li: 19 comments processed
2025-05-28 13:54:32,971 - INFO - Post 1k9ctmw: 2 comments processed
2025-05-28 13:54:33,477 - INFO - Inserted post: 1k9lv23 - Why do I feel this way?...
2025-05-28 13:54:33,625 - INFO - Post 1k9lv23: 2 comments processed
2025-05-28 13:54:34,144 - INFO - Inserted post: 1k8m1lw - How to cope knowing you’ll always be alone?...
2025-05-28 13:54:34,556 - INFO - Post 1k8m1lw: 43 comments processed
2025-05-28 13:54:35,071 - INFO - Inserted post: 1k8tbeu - What an old tree reminded me about being alone...
2025-05-28 13:54:35,275 - INFO - Post 1k8tbeu: 10 comments processed
2025-05-28 13:54:35,793 - INFO - Inserted post: 1k8qk9x - Meditated for 5 minutes in my car and it helped mo...
2025-05-28 13:54:35,957 - INFO - Post 1k8qk9x: 3 comments processed
2025-05-28 13:54:36,474 - INFO - Inserted post: 1k91386 - Pre-Teens??...
2025-05-28 13:54:36,753 - INFO - Post 1k91386: 10 comments processed
2025-05-28 13:54:37,256 - INFO - Inserted post: 1k9044g - Tiny Thanks, Mighty Peace: The Power of Gratitude ...
2025-05-28 13:54:37,376 - INFO - Post 1k9044g: 1 comments processed
2025-05-28 13:54:37,891 - INFO - Inserted post: 1k8w9j8 - Can mindfulness help me make fewer careless mistak...
2025-05-28 13:54:38,032 - INFO - Post 1k8w9j8: 2 comments processed
2025-05-28 13:54:38,549 - INFO - Inserted post: 1k88886 - Death...meditated..wow...
2025-05-28 13:54:38,756 - INFO - Post 1k88886: 5 comments processed
2025-05-28 13:54:39,272 - INFO - Inserted post: 1k8phlf - My mind is empty...
2025-05-28 13:54:39,410 - INFO - Post 1k8phlf: 2 comments processed
2025-05-28 13:54:39,915 - INFO - Inserted post: 1k8i22w - Struggling with neutrality towards physical sensat...
2025-05-28 13:54:40,114 - INFO - Post 1k8i22w: 8 comments processed
2025-05-28 13:54:40,631 - INFO - Inserted post: 1k8va15 - Discord community for awake friends and those on t...
2025-05-28 13:54:40,760 - INFO - Post 1k8va15: 0 comments processed
2025-05-28 13:54:41,275 - INFO - Inserted post: 1k8hfo2 - Recommended mindfulness services, courses?...
2025-05-28 13:54:41,403 - INFO - Post 1k8hfo2: 1 comments processed
2025-05-28 13:54:41,907 - INFO - Inserted post: 1k89e70 - My best friend, My worst enemy...
2025-05-28 13:54:42,065 - INFO - Post 1k89e70: 5 comments processed
2025-05-28 13:54:42,579 - INFO - Inserted post: 1k7udsr - Sometimes I confuse overthinking with wisdom...
2025-05-28 13:54:42,810 - INFO - Post 1k7udsr: 11 comments processed
2025-05-28 13:54:43,462 - INFO - Post 1k7eaky: 0 comments processed
2025-05-28 13:54:43,979 - INFO - Inserted post: 1k7u02z - Free will and mindfulness...
2025-05-28 13:54:44,139 - INFO - Post 1k7u02z: 5 comments processed
2025-05-28 13:54:44,656 - INFO - Inserted post: 1k7ccvw - I've been living as a Mask of myself almost my who...
2025-05-28 13:54:45,724 - INFO - Post 1k7ccvw: 9 comments processed
2025-05-28 13:54:46,241 - INFO - Inserted post: 1k7w8n8 - Jalu Tsa Tsa Project for World Peace and Prosperit...
2025-05-28 13:54:46,450 - INFO - Post 1k7w8n8: 0 comments processed
2025-05-28 13:54:46,955 - INFO - Inserted post: 1k6w0ds - Here’s the thing: you’re dying too. – An update...
2025-05-28 13:54:47,150 - INFO - Post 1k6w0ds: 9 comments processed
2025-05-28 13:54:47,655 - INFO - Inserted post: 1k72czf - I’m learning to let go of needing all the answers...
2025-05-28 13:54:48,056 - INFO - Post 1k72czf: 26 comments processed
2025-05-28 13:54:48,573 - INFO - Inserted post: 1k76tv5 - "Nature does not hurry, yet everything is accompli...
2025-05-28 13:54:48,779 - INFO - Post 1k76tv5: 6 comments processed
2025-05-28 13:54:49,294 - INFO - Inserted post: 1k7606c - How can I alleviate the scarcity mindset ?...
2025-05-28 13:54:49,806 - INFO - Post 1k7606c: 22 comments processed
2025-05-28 13:54:50,323 - INFO - Inserted post: 1k7cwqx - “So happy you could die”...
2025-05-28 13:54:50,508 - INFO - Post 1k7cwqx: 0 comments processed
2025-05-28 13:54:51,025 - INFO - Inserted post: 1k795qt - How can I rest?...
2025-05-28 13:54:51,230 - INFO - Post 1k795qt: 9 comments processed
2025-05-28 13:54:51,737 - INFO - Inserted post: 1k75sma - My Mindfulness Journey...
2025-05-28 13:54:51,864 - INFO - Post 1k75sma: 0 comments processed
2025-05-28 13:54:52,373 - INFO - Inserted post: 1k78dah - My Way Or The Highway...
2025-05-28 13:54:52,493 - INFO - Post 1k78dah: 0 comments processed
2025-05-28 13:54:53,011 - INFO - Inserted post: 1k72l6r - bridging the gap between intention and actuality...
2025-05-28 13:54:53,189 - INFO - Post 1k72l6r: 7 comments processed
2025-05-28 13:54:53,695 - INFO - Inserted post: 1k70yxu - Lazy thinking...
2025-05-28 13:54:53,855 - INFO - Post 1k70yxu: 5 comments processed
2025-05-28 13:54:54,362 - INFO - Inserted post: 1k6mjz3 - I feel like Im always being used as a stepping sto...
2025-05-28 13:54:54,656 - INFO - Post 1k6mjz3: 5 comments processed
2025-05-28 13:54:55,308 - INFO - Post 1k6zmtn: 1 comments processed
2025-05-28 13:54:55,994 - INFO - Post 1k6kebd: 2 comments processed
2025-05-28 13:54:56,502 - INFO - Inserted post: 1k6rkdg - These are my two favourite playlists on Spotify th...
2025-05-28 13:54:56,674 - INFO - Post 1k6rkdg: 1 comments processed
2025-05-28 13:54:57,189 - INFO - Inserted post: 1k63j1t - A symbolic radar chart to reflect on how your mind...
2025-05-28 13:54:57,403 - INFO - Post 1k63j1t: 2 comments processed
2025-05-28 13:54:57,909 - INFO - Inserted post: 1k6lklz - Questing about anxiety or trauma...
2025-05-28 13:54:58,089 - INFO - Post 1k6lklz: 5 comments processed
2025-05-28 13:54:58,604 - INFO - Inserted post: 1k6t2e3 - What kind of incense burner do you have?...
2025-05-28 13:54:58,769 - INFO - Post 1k6t2e3: 2 comments processed
2025-05-28 13:54:59,276 - INFO - Inserted post: 1k67ln4 - Dopamine is an Ego problem...
2025-05-28 13:54:59,520 - INFO - Post 1k67ln4: 18 comments processed
2025-05-28 13:55:00,025 - INFO - Inserted post: 1k65s9l - I know i surpress emotions but find it extremely d...
2025-05-28 13:55:00,316 - INFO - Post 1k65s9l: 12 comments processed
2025-05-28 13:55:00,833 - INFO - Inserted post: 1k5yu2d - What's the life lesson?...
2025-05-28 13:55:01,027 - INFO - Post 1k5yu2d: 7 comments processed
2025-05-28 13:55:02,747 - INFO - Post 1k667kw: 0 comments processed
2025-05-28 13:55:03,252 - INFO - Inserted post: 1k5a4f2 - It’s okay to not know what's next...
2025-05-28 13:55:03,466 - INFO - Post 1k5a4f2: 10 comments processed
2025-05-28 13:55:03,972 - INFO - Inserted post: 1k5evbf - What healing is, and what it’s not...
2025-05-28 13:55:04,162 - INFO - Post 1k5evbf: 8 comments processed
2025-05-28 13:55:04,669 - INFO - Inserted post: 1k545l2 - I caught my subconscious in the act. It felt like ...
2025-05-28 13:55:04,824 - INFO - Post 1k545l2: 4 comments processed
2025-05-28 13:55:05,340 - INFO - Inserted post: 1k5571f - Hell is real and its the construct of our own mind...
2025-05-28 13:55:05,607 - INFO - Post 1k5571f: 25 comments processed
2025-05-28 13:55:06,114 - INFO - Inserted post: 1k5h6a3 - Noob here, how often should I meditate?...
2025-05-28 13:55:06,398 - INFO - Post 1k5h6a3: 25 comments processed
2025-05-28 13:55:06,917 - INFO - Inserted post: 1k5vd72 - Me obligo a hacer cosas que jámas pensé que podría...
2025-05-28 13:55:07,067 - INFO - Post 1k5vd72: 1 comments processed
2025-05-28 13:55:07,574 - INFO - Inserted post: 1k4m5q3 - You Are Not Behind in Life...
2025-05-28 13:55:07,945 - INFO - Post 1k4m5q3: 36 comments processed
2025-05-28 13:55:08,449 - INFO - Inserted post: 1k5ade9 - Lo vas a encontrar. Lo que sueñas, también te busc...
2025-05-28 13:55:08,608 - INFO - Post 1k5ade9: 0 comments processed
2025-05-28 13:55:09,124 - INFO - Inserted post: 1k58jhm - Different levels of awareness...
2025-05-28 13:55:09,264 - INFO - Post 1k58jhm: 1 comments processed
2025-05-28 13:55:09,768 - INFO - Inserted post: 1k5ay4c - Help with creating authentic moments of presence...
2025-05-28 13:55:09,931 - INFO - Post 1k5ay4c: 6 comments processed
2025-05-28 13:55:10,436 - INFO - Inserted post: 1k5e6ka - An interesting take on learning yourself: A podcas...
2025-05-28 13:55:10,541 - INFO - Post 1k5e6ka: 0 comments processed
2025-05-28 13:55:11,044 - INFO - Inserted post: 1k59mz6 - The holy trinity and balanced living...
2025-05-28 13:55:11,175 - INFO - Post 1k59mz6: 1 comments processed
2025-05-28 13:55:11,679 - INFO - Inserted post: 1k4r42e - I build a FREE box breathing helper...
2025-05-28 13:55:11,861 - INFO - Post 1k4r42e: 9 comments processed
2025-05-28 13:55:12,378 - INFO - Inserted post: 1k4s7vj - The Unknown...
2025-05-28 13:55:12,500 - INFO - Post 1k4s7vj: 0 comments processed
2025-05-28 13:55:13,007 - INFO - Inserted post: 1k586qj - Is awareness limited - or can it be expanded?...
2025-05-28 13:55:13,191 - INFO - Post 1k586qj: 3 comments processed
2025-05-28 13:55:13,821 - INFO - Post 1k4eq5j: 0 comments processed
2025-05-28 13:55:14,325 - INFO - Inserted post: 1k4skf2 - Meditation Buddy?...
2025-05-28 13:55:14,443 - INFO - Post 1k4skf2: 0 comments processed
2025-05-28 13:55:14,959 - INFO - Inserted post: 1k4s6bb - lack of mindfulness...
2025-05-28 13:55:15,111 - INFO - Post 1k4s6bb: 3 comments processed
2025-05-28 13:55:15,617 - INFO - Inserted post: 1k4m01b - Basic mindfulness questions I can't find the answe...
2025-05-28 13:55:15,902 - INFO - Post 1k4m01b: 21 comments processed
2025-05-28 13:55:16,405 - INFO - Inserted post: 1k496th - How to deal with morning stress. I am currently un...
2025-05-28 13:55:16,673 - INFO - Post 1k496th: 22 comments processed
2025-05-28 13:55:17,177 - INFO - Inserted post: 1k4geg3 - Who Asked For Your Advice?...
2025-05-28 13:55:17,315 - INFO - Post 1k4geg3: 4 comments processed
2025-05-28 13:55:17,820 - INFO - Inserted post: 1k4hteh - Gratitude comes from two things - Observation, and...
2025-05-28 13:55:17,934 - INFO - Post 1k4hteh: 0 comments processed
2025-05-28 13:55:18,441 - INFO - Inserted post: 1k3c9uu - Wu Wei...
2025-05-28 13:55:18,655 - INFO - Post 1k3c9uu: 4 comments processed
2025-05-28 13:55:19,171 - INFO - Inserted post: 1k4lcvv - Is this true ?...
2025-05-28 13:55:19,360 - INFO - Post 1k4lcvv: 5 comments processed
2025-05-28 13:55:19,867 - INFO - Inserted post: 1k3rcjj - If the "self" Is an Illusion, Why Does It Control ...
2025-05-28 13:55:20,132 - INFO - Post 1k3rcjj: 14 comments processed
2025-05-28 13:55:20,649 - INFO - Inserted post: 1k3g7pm - Would You Rather Be Happy Or Right?...
2025-05-28 13:55:20,805 - INFO - Post 1k3g7pm: 3 comments processed
2025-05-28 13:55:21,313 - INFO - Inserted post: 1k37vyh - Did you manage to practice mindfulness today?...
2025-05-28 13:55:21,511 - INFO - Post 1k37vyh: 13 comments processed
2025-05-28 13:55:22,028 - INFO - Inserted post: 1k2xddt - To those walking through darkness: your journey is...
2025-05-28 13:55:22,183 - INFO - Post 1k2xddt: 3 comments processed
2025-05-28 13:55:22,689 - INFO - Inserted post: 1k381p4 - Brain fog...
2025-05-28 13:55:22,860 - INFO - Post 1k381p4: 4 comments processed
2025-05-28 13:55:23,366 - INFO - Inserted post: 1k36u9n - On your journey what do you do with your happy wan...
2025-05-28 13:55:23,547 - INFO - Post 1k36u9n: 7 comments processed
2025-05-28 13:55:24,051 - INFO - Inserted post: 1k3blkf - Becoming more sensitive to energy...
2025-05-28 13:55:24,219 - INFO - Post 1k3blkf: 6 comments processed
2025-05-28 13:55:24,726 - INFO - Inserted post: 1k2de74 - [Part 3] How I Learned to Let Bad Thoughts Die...
2025-05-28 13:55:24,905 - INFO - Post 1k2de74: 5 comments processed
2025-05-28 13:55:25,422 - INFO - Inserted post: 1k2i0cn - Should mindfulness be used to try to transmute all...
2025-05-28 13:55:25,599 - INFO - Post 1k2i0cn: 7 comments processed
2025-05-28 13:55:26,114 - INFO - Inserted post: 1k25eu6 - How gratitude leads to abundance...
2025-05-28 13:55:26,270 - INFO - Post 1k25eu6: 3 comments processed
2025-05-28 13:55:26,777 - INFO - Inserted post: 1k2dwrk - Take it easy on yourself and others....
2025-05-28 13:55:26,912 - INFO - Post 1k2dwrk: 2 comments processed
2025-05-28 13:55:27,429 - INFO - Inserted post: 1k1vrj2 - What Really Happens to Your Brain When You Meditat...
2025-05-28 13:55:27,865 - INFO - Post 1k1vrj2: 36 comments processed
2025-05-28 13:55:28,382 - INFO - Inserted post: 1k26y6l - Struggling with anxiety and blank mind—how do I st...
2025-05-28 13:55:28,662 - INFO - Post 1k26y6l: 18 comments processed
2025-05-28 13:55:29,168 - INFO - Inserted post: 1k2l37a - A Hindi Meditation Song to Help You Be Fully Prese...
2025-05-28 13:55:29,300 - INFO - Post 1k2l37a: 0 comments processed
2025-05-28 13:55:29,807 - INFO - Inserted post: 1k2i7gu - Podcast guest...
2025-05-28 13:55:29,954 - INFO - Post 1k2i7gu: 0 comments processed
2025-05-28 13:55:30,473 - INFO - Inserted post: 1k1y6rd - Letting Go...
2025-05-28 13:55:30,622 - INFO - Post 1k1y6rd: 2 comments processed
2025-05-28 13:55:31,136 - INFO - Inserted post: 1k1bq70 - The Empty Boat...
2025-05-28 13:55:31,363 - INFO - Post 1k1bq70: 15 comments processed
2025-05-28 13:55:31,869 - INFO - Inserted post: 1k28l7t - Fear and its nature - change in perception...
2025-05-28 13:55:31,981 - INFO - Post 1k28l7t: 0 comments processed
2025-05-28 13:55:32,497 - INFO - Inserted post: 1k1ywg8 - Wrote about my past 'urge to talk' - know people l...
2025-05-28 13:55:32,629 - INFO - Post 1k1ywg8: 0 comments processed
2025-05-28 13:55:33,135 - INFO - Inserted post: 1k1c27r - The Lost Needle...
2025-05-28 13:55:33,252 - INFO - Post 1k1c27r: 0 comments processed
2025-05-28 13:55:33,758 - INFO - Inserted post: 1k1b7jv - Creating a distance between you and your mind...
2025-05-28 13:55:33,950 - INFO - Post 1k1b7jv: 10 comments processed
2025-05-28 13:55:34,456 - INFO - Inserted post: 1k1qe5e - How to focus while obsessing over how to focus rig...
2025-05-28 13:55:34,650 - INFO - Post 1k1qe5e: 10 comments processed
2025-05-28 13:55:35,167 - INFO - Inserted post: 1k1h9jw - Redirection...
2025-05-28 13:55:35,298 - INFO - Post 1k1h9jw: 0 comments processed
2025-05-28 13:55:35,806 - INFO - Inserted post: 1k1ii7k - Not a Love Story: The Inner Alchemy of Snow White...
2025-05-28 13:55:35,923 - INFO - Post 1k1ii7k: 0 comments processed
2025-05-28 13:55:36,439 - INFO - Inserted post: 1k1e46l - Was It Easier To Live In The Moment When We Were Y...
2025-05-28 13:55:36,644 - INFO - Post 1k1e46l: 7 comments processed
2025-05-28 13:55:37,161 - INFO - Inserted post: 1k0gc48 - Do you ever feel like completely disappearing for ...
2025-05-28 13:55:37,406 - INFO - Post 1k0gc48: 16 comments processed
2025-05-28 13:55:37,913 - INFO - Inserted post: 1k0owzn - Be Mindful Of Self-Fulfilling Prophecies...
2025-05-28 13:55:38,054 - INFO - Post 1k0owzn: 0 comments processed
2025-05-28 13:55:38,709 - INFO - Post 1k0befk: 2 comments processed
2025-05-28 13:55:39,216 - INFO - Inserted post: 1k0qc9d - Nature-based mindfulness teacher looking for feedb...
2025-05-28 13:55:39,429 - INFO - Post 1k0qc9d: 9 comments processed
2025-05-28 13:55:39,935 - INFO - Inserted post: 1k0gy6o - What you think of Buddhist monk Ajahn Sona's criti...
2025-05-28 13:55:40,421 - INFO - Post 1k0gy6o: 41 comments processed
2025-05-28 13:55:40,928 - INFO - Inserted post: 1k0phv2 - Would you use tech to help you build consistency w...
2025-05-28 13:55:41,077 - INFO - Post 1k0phv2: 3 comments processed
2025-05-28 13:55:41,583 - INFO - Inserted post: 1k0imkt - You are the Total Field....
2025-05-28 13:55:41,711 - INFO - Post 1k0imkt: 0 comments processed
2025-05-28 13:55:42,228 - INFO - Inserted post: 1k03qp2 - Loss of a parent...
2025-05-28 13:55:42,426 - INFO - Post 1k03qp2: 7 comments processed
2025-05-28 13:55:42,933 - INFO - Inserted post: 1jzrg4c - when my mind spirals, this is how i calm down quic...
2025-05-28 13:55:43,113 - INFO - Post 1jzrg4c: 1 comments processed
2025-05-28 13:55:43,630 - INFO - Inserted post: 1k06202 - How can we create a strong mindfulness?...
2025-05-28 13:55:43,822 - INFO - Post 1k06202: 3 comments processed
2025-05-28 13:55:44,329 - INFO - Inserted post: 1k09you - Nostalgia?...
2025-05-28 13:55:44,475 - INFO - Post 1k09you: 1 comments processed
2025-05-28 13:55:44,993 - INFO - Inserted post: 1k06kpd - In need of advice...
2025-05-28 13:55:45,139 - INFO - Post 1k06kpd: 2 comments processed
2025-05-28 13:55:45,645 - INFO - Inserted post: 1jzxolg - What is preventing you from developing your spirit...
2025-05-28 13:55:45,851 - INFO - Post 1jzxolg: 12 comments processed
2025-05-28 13:55:46,368 - INFO - Inserted post: 1jzxn3h - Very Odd Ruminations...
2025-05-28 13:55:46,523 - INFO - Post 1jzxn3h: 2 comments processed
2025-05-28 13:55:47,030 - INFO - Inserted post: 1jzswu2 - How To Practice Mindfulness When Excited For The F...
2025-05-28 13:55:47,253 - INFO - Post 1jzswu2: 11 comments processed
2025-05-28 13:55:47,764 - INFO - Inserted post: 1jzq76k - Need a morning app that forces a morning routine?...
2025-05-28 13:55:48,004 - INFO - Post 1jzq76k: 14 comments processed
2025-05-28 13:55:48,522 - INFO - Inserted post: 1jz4nmz - [Part 2] How I Learned to Let Bad Thoughts Die...
2025-05-28 13:55:49,160 - INFO - Post 1jz4nmz: 9 comments processed
2025-05-28 13:55:49,666 - INFO - Inserted post: 1jzojbt - These are my two favourite playlists on Spotify th...
2025-05-28 13:55:49,805 - INFO - Post 1jzojbt: 0 comments processed
2025-05-28 13:55:50,323 - INFO - Inserted post: 1jzowez - I am my thoughts...
2025-05-28 13:55:50,625 - INFO - Post 1jzowez: 22 comments processed
2025-05-28 13:55:51,132 - INFO - Inserted post: 1jzjwox - What makes me so different?...
2025-05-28 13:55:51,305 - INFO - Post 1jzjwox: 3 comments processed
2025-05-28 13:55:51,811 - INFO - Inserted post: 1jz0ldy - Felt like I was floating and at some point I felt ...
2025-05-28 13:55:51,972 - INFO - Post 1jz0ldy: 3 comments processed
2025-05-28 13:55:52,479 - INFO - Inserted post: 1jyzzdh - I don’t get what he means…...
2025-05-28 13:55:52,676 - INFO - Post 1jyzzdh: 8 comments processed
2025-05-28 13:55:53,182 - INFO - Inserted post: 1jyqkbf - I’m noticing the thoughts!...
2025-05-28 13:55:53,294 - INFO - Post 1jyqkbf: 0 comments processed
2025-05-28 13:55:53,801 - INFO - Inserted post: 1jy0q6l - How I Learned to Let Bad Thoughts Die...
2025-05-28 13:55:54,110 - INFO - Post 1jy0q6l: 16 comments processed
2025-05-28 13:55:54,623 - INFO - Inserted post: 1jym3s3 - Struggling with mindfulness after making a life ch...
2025-05-28 13:55:54,829 - INFO - Post 1jym3s3: 8 comments processed
2025-05-28 13:55:55,342 - INFO - Inserted post: 1jyq8dh - Finding Peace in the Pause: My Mindfulness Journey...
2025-05-28 13:55:55,484 - INFO - Post 1jyq8dh: 1 comments processed
2025-05-28 13:55:56,002 - INFO - Inserted post: 1jy6no2 - Spontaneous moment of joy. I've heard about this f...
2025-05-28 13:55:56,169 - INFO - Post 1jy6no2: 6 comments processed
2025-05-28 13:55:56,684 - INFO - Inserted post: 1jyiodk - How to stop thinking of traumatic events...
2025-05-28 13:55:56,881 - INFO - Post 1jyiodk: 7 comments processed
2025-05-28 13:55:57,398 - INFO - Inserted post: 1jy5drr - In a hyper competitive society how do I be mindful...
2025-05-28 13:55:57,635 - INFO - Post 1jy5drr: 14 comments processed
2025-05-28 13:55:58,151 - INFO - Inserted post: 1jyc8n0 - How do you create clarity?...
2025-05-28 13:55:58,395 - INFO - Post 1jyc8n0: 12 comments processed
2025-05-28 13:55:58,901 - INFO - Inserted post: 1jyf4oc - How do i stay present when im excited...
2025-05-28 13:55:59,030 - INFO - Post 1jyf4oc: 1 comments processed
2025-05-28 13:55:59,549 - INFO - Inserted post: 1jybiiu - Acting from my true intentions alone?...
2025-05-28 13:55:59,742 - INFO - Post 1jybiiu: 9 comments processed
2025-05-28 13:56:00,246 - INFO - Inserted post: 1jy9fie - Work advice....
2025-05-28 13:56:00,420 - INFO - Post 1jy9fie: 4 comments processed
2025-05-28 13:56:00,927 - INFO - Inserted post: 1jy9h4i - Contemplative prayer...
2025-05-28 13:56:01,065 - INFO - Post 1jy9h4i: 1 comments processed
2025-05-28 13:56:01,581 - INFO - Inserted post: 1jxwek1 - Mindfulness Techniques That Helped Me Navigate Bur...
2025-05-28 13:56:01,740 - INFO - Post 1jxwek1: 4 comments processed
2025-05-28 13:56:02,257 - INFO - Inserted post: 1jxp1qh - Not letting toxic people ruin my mind...
2025-05-28 13:56:02,459 - INFO - Post 1jxp1qh: 6 comments processed
2025-05-28 13:56:02,965 - INFO - Inserted post: 1jxxfa8 - Your mindset shapes your actions....
2025-05-28 13:56:03,112 - INFO - Post 1jxxfa8: 1 comments processed
2025-05-28 13:56:03,627 - INFO - Inserted post: 1jxbaur - Fake it till you make it...
2025-05-28 13:56:03,840 - INFO - Post 1jxbaur: 11 comments processed
2025-05-28 13:56:04,355 - INFO - Inserted post: 1jxx8qq - Old acquaintance treating me differently. Advice ?...
2025-05-28 13:56:04,551 - INFO - Post 1jxx8qq: 10 comments processed
2025-05-28 13:56:05,059 - INFO - Inserted post: 1jxnfoa - Crazy Mind chatter...
2025-05-28 13:56:05,208 - INFO - Post 1jxnfoa: 4 comments processed
2025-05-28 13:56:05,723 - INFO - Inserted post: 1jy05n9 - Bite-sized wellness routines. Dumb idea?...
2025-05-28 13:56:05,862 - INFO - Post 1jy05n9: 2 comments processed
2025-05-28 13:56:06,379 - INFO - Inserted post: 1jxo01j - Are you afraid to own your excellency...
2025-05-28 13:56:06,562 - INFO - Post 1jxo01j: 6 comments processed
2025-05-28 13:56:07,080 - INFO - Inserted post: 1jxi3um - My mind is my enemy...
2025-05-28 13:56:07,230 - INFO - Post 1jxi3um: 3 comments processed
2025-05-28 13:56:07,748 - INFO - Inserted post: 1jx4arh - How practicing mindfulness in daily tasks transfor...
2025-05-28 13:56:07,902 - INFO - Post 1jx4arh: 2 comments processed
2025-05-28 13:56:08,408 - INFO - Inserted post: 1jxneq3 - HELP!...
2025-05-28 13:56:08,643 - INFO - Post 1jxneq3: 10 comments processed
2025-05-28 13:56:09,161 - INFO - Inserted post: 1jxhyi9 - When practicing mindfulness is it normal for small...
2025-05-28 13:56:09,298 - INFO - Post 1jxhyi9: 1 comments processed
2025-05-28 13:56:09,816 - INFO - Inserted post: 1jwsxb1 - A simple practice...
2025-05-28 13:56:09,946 - INFO - Post 1jwsxb1: 0 comments processed
2025-05-28 13:56:10,465 - INFO - Inserted post: 1jx6dyd - How Practicing Mindfulness Transformed My Project ...
2025-05-28 13:56:10,589 - INFO - Post 1jx6dyd: 0 comments processed
2025-05-28 13:56:11,106 - INFO - Inserted post: 1jwrt4h - Activity to unwind....
2025-05-28 13:56:11,268 - INFO - Post 1jwrt4h: 3 comments processed
2025-05-28 13:56:11,787 - INFO - Inserted post: 1jwgqbh - How to regulate?...
2025-05-28 13:56:11,993 - INFO - Post 1jwgqbh: 8 comments processed
2025-05-28 13:56:13,944 - INFO - Inserted post: 1jwhj2z - how do i sit comfortably with my emotions?...
2025-05-28 13:56:14,122 - INFO - Post 1jwhj2z: 7 comments processed
2025-05-28 13:56:14,638 - INFO - Inserted post: 1jwonb9 - New to Mindfulness. What is mindfulness? What is t...
2025-05-28 13:56:14,833 - INFO - Post 1jwonb9: 11 comments processed
2025-05-28 13:56:15,336 - INFO - Inserted post: 1jw7emt - Do you think day dreaming is a bad thing?...
2025-05-28 13:56:15,500 - INFO - Post 1jw7emt: 4 comments processed
2025-05-28 13:56:16,006 - INFO - Inserted post: 1jwx7hs - will you use an AI powered app?...
2025-05-28 13:56:16,203 - INFO - Post 1jwx7hs: 14 comments processed
2025-05-28 13:56:16,706 - INFO - Inserted post: 1jvxb2h - Mind loops before sleeping...
2025-05-28 13:56:16,898 - INFO - Post 1jvxb2h: 8 comments processed
2025-05-28 13:56:17,401 - INFO - Inserted post: 1jw6w7b - 1-1 online Mindfulness Course...
2025-05-28 13:56:17,566 - INFO - Post 1jw6w7b: 6 comments processed
2025-05-28 13:56:18,072 - INFO - Inserted post: 1jw0loz - Mental fog after college - need help...
2025-05-28 13:56:18,340 - INFO - Post 1jw0loz: 23 comments processed
2025-05-28 13:56:18,858 - INFO - Inserted post: 1jvr5gs - Is the purpose of mindfulness to achieve the goal ...
2025-05-28 13:56:19,225 - INFO - Post 1jvr5gs: 34 comments processed
2025-05-28 13:56:19,728 - INFO - Inserted post: 1jvvqhi - I couldn't find a simple and free meditation track...
2025-05-28 13:56:19,867 - INFO - Post 1jvvqhi: 2 comments processed
2025-05-28 13:56:20,374 - INFO - Inserted post: 1jvdozy - The next time when you are continually looking at ...
2025-05-28 13:56:20,635 - INFO - Post 1jvdozy: 3 comments processed
2025-05-28 13:56:21,139 - INFO - Inserted post: 1jvkoz0 - The fear of being seen...
2025-05-28 13:56:21,313 - INFO - Post 1jvkoz0: 7 comments processed
2025-05-28 13:56:21,828 - INFO - Inserted post: 1jvi4qv - Mindfulness and why i struggle with it....
2025-05-28 13:56:22,041 - INFO - Post 1jvi4qv: 13 comments processed
2025-05-28 13:56:22,545 - INFO - Inserted post: 1jvinqc - flashes of empty sadness, why?...
2025-05-28 13:56:22,727 - INFO - Post 1jvinqc: 8 comments processed
2025-05-28 13:56:23,242 - INFO - Inserted post: 1jv73sq - Does nature influence creativity in humans?...
2025-05-28 13:56:23,386 - INFO - Post 1jv73sq: 2 comments processed
2025-05-28 13:56:23,891 - INFO - Inserted post: 1jvrp3u - Researching minimalist and mindful apps...
2025-05-28 13:56:24,010 - INFO - Post 1jvrp3u: 0 comments processed
2025-05-28 13:56:24,526 - INFO - Inserted post: 1jv0b3l - New Research: Psychedelics and Mindful Well-Being...
2025-05-28 13:56:24,693 - INFO - Post 1jv0b3l: 3 comments processed
2025-05-28 13:56:25,199 - INFO - Inserted post: 1jv0hwf - Started meditating again this week...
2025-05-28 13:56:25,318 - INFO - Post 1jv0hwf: 0 comments processed
2025-05-28 13:56:25,823 - INFO - Inserted post: 1juz1mf - What is self awareness?...
2025-05-28 13:56:25,974 - INFO - Post 1juz1mf: 4 comments processed
2025-05-28 13:56:26,478 - INFO - Inserted post: 1juijhx - I'm looking for new friends...
2025-05-28 13:56:26,682 - INFO - Post 1juijhx: 13 comments processed
2025-05-28 13:56:27,199 - INFO - Inserted post: 1juglmm - How to not dread a mandatory month long camp?...
2025-05-28 13:56:27,462 - INFO - Post 1juglmm: 22 comments processed
2025-05-28 13:56:27,967 - INFO - Inserted post: 1juz5ci - Clearing my tabs felt like clearing my mind...
2025-05-28 13:56:28,089 - INFO - Post 1juz5ci: 0 comments processed
2025-05-28 13:56:28,604 - INFO - Inserted post: 1juplm8 - Anyone up for a chill 30min group meditation with ...
2025-05-28 13:56:28,741 - INFO - Post 1juplm8: 0 comments processed
2025-05-28 13:56:29,246 - INFO - Inserted post: 1ju9etf - I use coloring books and apps for mindfulness...
2025-05-28 13:56:29,434 - INFO - Post 1ju9etf: 6 comments processed
2025-05-28 13:56:29,940 - INFO - Inserted post: 1juif9k - Unlock the Science of Mindfulness: Transform Your ...
2025-05-28 13:56:30,077 - INFO - Post 1juif9k: 0 comments processed
2025-05-28 13:56:30,582 - INFO - Inserted post: 1ju5wng - What kind of positive talks comforts your brain th...
2025-05-28 13:56:30,964 - INFO - Post 1ju5wng: 27 comments processed
2025-05-28 13:56:31,479 - INFO - Inserted post: 1jtsogw - One of the best Techniques for Anxiety...
2025-05-28 13:56:31,695 - INFO - Post 1jtsogw: 14 comments processed
2025-05-28 13:56:32,212 - INFO - Inserted post: 1ju1htk - How do you keep mentally clocked out of work when ...
2025-05-28 13:56:32,427 - INFO - Post 1ju1htk: 15 comments processed
2025-05-28 13:56:32,944 - INFO - Inserted post: 1juacbo - People who track emotions — Would an ‘Inside Out m...
2025-05-28 13:56:33,095 - INFO - Post 1juacbo: 3 comments processed
2025-05-28 13:56:33,612 - INFO - Inserted post: 1jtuml7 - How to deal with guilt?...
2025-05-28 13:56:33,831 - INFO - Post 1jtuml7: 12 comments processed
2025-05-28 13:56:34,348 - INFO - Inserted post: 1ju3bgb - Balance or all the time...
2025-05-28 13:56:34,492 - INFO - Post 1ju3bgb: 3 comments processed
2025-05-28 13:56:34,997 - INFO - Inserted post: 1jts9g1 - Hoping to get some insight on my journey of healin...
2025-05-28 13:56:35,144 - INFO - Post 1jts9g1: 3 comments processed
2025-05-28 13:56:35,662 - INFO - Inserted post: 1jt073e - The healing power of uncomfortable emotions...
2025-05-28 13:56:35,883 - INFO - Post 1jt073e: 5 comments processed
2025-05-28 13:56:36,399 - INFO - Inserted post: 1jtay5b - My Life as of late (I'd really love to dialogue)...
2025-05-28 13:56:36,606 - INFO - Post 1jtay5b: 6 comments processed
2025-05-28 13:56:37,111 - INFO - Inserted post: 1jt416z - How do you forgive someone ?...
2025-05-28 13:56:37,449 - INFO - Post 1jt416z: 31 comments processed
2025-05-28 13:56:37,967 - INFO - Inserted post: 1jsx3wc - Your Life is a Mirror of Your Identity (think abou...
2025-05-28 13:56:38,139 - INFO - Post 1jsx3wc: 5 comments processed
2025-05-28 13:56:38,646 - INFO - Inserted post: 1jt0p30 - Emotional burnout and its message...
2025-05-28 13:56:38,826 - INFO - Post 1jt0p30: 7 comments processed
2025-05-28 13:56:39,343 - INFO - Inserted post: 1jsp5gg - I hope this doesn't sound awful....
2025-05-28 13:56:39,549 - INFO - Post 1jsp5gg: 13 comments processed
2025-05-28 13:56:40,055 - INFO - Inserted post: 1jsupmd - I can't take it anymore...
2025-05-28 13:56:40,390 - INFO - Post 1jsupmd: 34 comments processed
2025-05-28 13:56:40,908 - INFO - Inserted post: 1jt11xf - Shadow as an ally...
2025-05-28 13:56:41,028 - INFO - Post 1jt11xf: 0 comments processed
2025-05-28 13:56:41,534 - INFO - Inserted post: 1jsx1b5 - Mindfulness Through Therapy, or a Hinderance?...
2025-05-28 13:56:41,688 - INFO - Post 1jsx1b5: 2 comments processed
2025-05-28 13:56:42,195 - INFO - Inserted post: 1jst626 - Busy but Spiritual? Share Your Thoughts on Startin...
2025-05-28 13:56:42,753 - INFO - Post 1jst626: 6 comments processed
2025-05-28 13:56:43,269 - INFO - Inserted post: 1jsmdns - Am i doing mindfulness right?...
2025-05-28 13:56:43,513 - INFO - Post 1jsmdns: 5 comments processed
2025-05-28 13:56:44,018 - INFO - Inserted post: 1js7lcw - What I do for mindfulness...
2025-05-28 13:56:44,417 - INFO - Post 1js7lcw: 8 comments processed
2025-05-28 13:56:44,933 - INFO - Inserted post: 1jshwdl - want to stay grounded and present...
2025-05-28 13:56:45,094 - INFO - Post 1jshwdl: 1 comments processed
2025-05-28 13:56:45,600 - INFO - Inserted post: 1js8elo - I keep feeling worthless no matter I tell myself I...
2025-05-28 13:56:45,919 - INFO - Post 1js8elo: 12 comments processed
2025-05-28 13:56:46,435 - INFO - Inserted post: 1jseth3 - How watching sunrises and sunsets helped me reconn...
2025-05-28 13:56:46,644 - INFO - Post 1jseth3: 3 comments processed
2025-05-28 13:56:47,150 - INFO - Inserted post: 1jshj2y - Does mindfulness reduce your decision making?...
2025-05-28 13:56:47,322 - INFO - Post 1jshj2y: 8 comments processed
2025-05-28 13:56:47,840 - INFO - Inserted post: 1jsefqe - How Practicing Mindfulness Improved My Task Manage...
2025-05-28 13:56:47,968 - INFO - Post 1jsefqe: 0 comments processed
2025-05-28 13:56:48,486 - INFO - Inserted post: 1js8knw - Advice on getting out of my head and simply being...
2025-05-28 13:56:48,693 - INFO - Post 1js8knw: 5 comments processed
2025-05-28 13:56:49,198 - INFO - Inserted post: 1jrqouu - Be careful of reddit......
2025-05-28 13:56:49,454 - INFO - Post 1jrqouu: 19 comments processed
2025-05-28 13:56:49,971 - INFO - Inserted post: 1jsh1s9 - I want to smoke again but my anxiety gets a hold o...
2025-05-28 13:56:50,264 - INFO - Post 1jsh1s9: 12 comments processed
2025-05-28 13:56:50,773 - INFO - Inserted post: 1jr95l4 - The dopamine reset has finally worked for me...
2025-05-28 13:56:51,168 - INFO - Post 1jr95l4: 39 comments processed
2025-05-28 13:56:51,685 - INFO - Inserted post: 1jrz0ta - The Art of Being Nobody: Embracing Learning, Failu...
2025-05-28 13:56:51,806 - INFO - Post 1jrz0ta: 0 comments processed
2025-05-28 13:56:52,313 - INFO - Inserted post: 1js5tca - i need help...
2025-05-28 13:56:52,463 - INFO - Post 1js5tca: 0 comments processed
2025-05-28 13:56:52,981 - INFO - Inserted post: 1js1rz4 - Have any of you applied mindfulness to become impe...
2025-05-28 13:56:53,142 - INFO - Post 1js1rz4: 3 comments processed
2025-05-28 13:56:53,799 - INFO - Post 1jrv4p6: 0 comments processed
2025-05-28 13:56:54,305 - INFO - Inserted post: 1jrmxhl - I feel like I want to self harm so badly, but I kn...
2025-05-28 13:56:54,536 - INFO - Post 1jrmxhl: 11 comments processed
2025-05-28 13:56:55,044 - INFO - Inserted post: 1jsaqbd - From home to Homless, overnight...
2025-05-28 13:56:55,255 - INFO - Post 1jsaqbd: 6 comments processed
2025-05-28 13:56:55,759 - INFO - Inserted post: 1jrn67j - Please help...
2025-05-28 13:56:55,940 - INFO - Post 1jrn67j: 7 comments processed
2025-05-28 13:56:56,447 - INFO - Inserted post: 1jrggfc - Mindful of the resistance around hanging out with ...
2025-05-28 13:56:56,614 - INFO - Post 1jrggfc: 5 comments processed
2025-05-28 13:56:57,120 - INFO - Inserted post: 1jrfvp6 - Does anyone share my experience of benefits from g...
2025-05-28 13:56:57,304 - INFO - Post 1jrfvp6: 2 comments processed
2025-05-28 13:56:57,810 - INFO - Inserted post: 1jr2cuy - I've Been On a Mindfulness Journey for the Past 3 ...
2025-05-28 13:56:57,980 - INFO - Post 1jr2cuy: 6 comments processed
2025-05-28 13:56:58,496 - INFO - Inserted post: 1jr6mzi - Response to “if the voice in your head is you, the...
2025-05-28 13:56:58,813 - INFO - Post 1jr6mzi: 19 comments processed
2025-05-28 13:56:59,319 - INFO - Inserted post: 1jr4ufm - You are enough...
2025-05-28 13:56:59,482 - INFO - Post 1jr4ufm: 5 comments processed
2025-05-28 13:57:00,000 - INFO - Inserted post: 1jr5i27 - iWonderWhy : An experiment to help clarify thought...
2025-05-28 13:57:00,127 - INFO - Post 1jr5i27: 0 comments processed
2025-05-28 13:57:00,635 - INFO - Inserted post: 1jqqj3e - The great remembering...
2025-05-28 13:57:00,761 - INFO - Post 1jqqj3e: 0 comments processed
2025-05-28 13:57:01,268 - INFO - Inserted post: 1jqlzhc - is suffocation while meditating a problem?...
2025-05-28 13:57:01,428 - INFO - Post 1jqlzhc: 2 comments processed
2025-05-28 13:57:01,935 - INFO - Inserted post: 1jqr7dj - “Weekly R.E.P.O.R.T.” Mindfulness Activity...
2025-05-28 13:57:02,075 - INFO - Post 1jqr7dj: 1 comments processed
2025-05-28 13:57:02,591 - INFO - Inserted post: 1jq5ybc - You are worthy...
2025-05-28 13:57:02,726 - INFO - Post 1jq5ybc: 2 comments processed
2025-05-28 13:57:03,233 - INFO - Inserted post: 1jqb653 - True Transparency is Key...
2025-05-28 13:57:03,383 - INFO - Post 1jqb653: 1 comments processed
2025-05-28 13:57:03,898 - INFO - Inserted post: 1jpyqzm - The art of slowing down in a fast paced world...
2025-05-28 13:57:04,047 - INFO - Post 1jpyqzm: 1 comments processed
2025-05-28 13:57:04,554 - INFO - Inserted post: 1jqa7ja - Need help to mitigate my trauma....
2025-05-28 13:57:04,772 - INFO - Post 1jqa7ja: 13 comments processed
2025-05-28 13:57:05,277 - INFO - Inserted post: 1jq5cd5 - Just Noticed Something...
2025-05-28 13:57:05,422 - INFO - Post 1jq5cd5: 2 comments processed
2025-05-28 13:57:05,939 - INFO - Inserted post: 1jq11hs - Quotes on Being Present to Inspire Mindfulness...
2025-05-28 13:57:06,057 - INFO - Post 1jq11hs: 0 comments processed
2025-05-28 13:57:06,573 - INFO - Inserted post: 1jqf25q - Awareness to what you are experiencing – discomfor...
2025-05-28 13:57:06,679 - INFO - Post 1jqf25q: 0 comments processed
2025-05-28 13:57:07,187 - INFO - Inserted post: 1jq6mbs - What do you think it could be so I have a better w...
2025-05-28 13:57:07,346 - INFO - Post 1jq6mbs: 2 comments processed
2025-05-28 13:57:07,864 - INFO - Inserted post: 1jpiss4 - I cant smoke weed anymore and i dont know how to f...
2025-05-28 13:57:08,531 - INFO - Post 1jpiss4: 69 comments processed
2025-05-28 13:57:09,045 - INFO - Inserted post: 1jpkokd - Addicted to thinking. Any insight?...
2025-05-28 13:57:09,254 - INFO - Post 1jpkokd: 13 comments processed
2025-05-28 13:57:09,773 - INFO - Inserted post: 1jqbgze - Which is your leading energy: Feminine or Masculin...
2025-05-28 13:57:09,978 - INFO - Post 1jqbgze: 12 comments processed
2025-05-28 13:57:10,485 - INFO - Inserted post: 1jpgfx2 - Hi, what books would you recommend to get initiate...
2025-05-28 13:57:10,742 - INFO - Post 1jpgfx2: 14 comments processed
2025-05-28 13:57:11,249 - INFO - Inserted post: 1jp7sqv - Starting a CS degree at 29 – did I completely mess...
2025-05-28 13:57:11,541 - INFO - Post 1jp7sqv: 28 comments processed
2025-05-28 13:57:12,058 - INFO - Inserted post: 1jpgxr1 - How I deal with anxiety....
2025-05-28 13:57:12,271 - INFO - Post 1jpgxr1: 13 comments processed
2025-05-28 13:57:12,778 - INFO - Inserted post: 1jouf7g - How does one "sit with a thought/emotion"?...
2025-05-28 13:57:13,244 - INFO - Post 1jouf7g: 42 comments processed
2025-05-28 13:57:13,760 - INFO - Inserted post: 1jozqvy - Beam of light...
2025-05-28 13:57:13,908 - INFO - Post 1jozqvy: 3 comments processed
2025-05-28 13:57:14,426 - INFO - Inserted post: 1jovhe2 - These are my two favourite playlists on Spotify th...
2025-05-28 13:57:14,570 - INFO - Post 1jovhe2: 1 comments processed
2025-05-28 13:57:15,088 - INFO - Inserted post: 1jp7g06 - Will mindful meditation send me in a trance?...
2025-05-28 13:57:15,242 - INFO - Post 1jp7g06: 3 comments processed
2025-05-28 13:57:15,761 - INFO - Inserted post: 1jobdje - If you question everything about society after spe...
2025-05-28 13:57:15,989 - INFO - Post 1jobdje: 15 comments processed
2025-05-28 13:57:16,506 - INFO - Inserted post: 1josc9g - Mindfulness and daydreaming/reliving memories...
2025-05-28 13:57:16,632 - INFO - Post 1josc9g: 0 comments processed
2025-05-28 13:57:17,150 - INFO - Inserted post: 1joto8c - A quiet digital project I’ve been working on—curio...
2025-05-28 13:57:17,298 - INFO - Post 1joto8c: 0 comments processed
2025-05-28 13:57:17,813 - INFO - Inserted post: 1job7hf - Activity to unwind pt 2...
2025-05-28 13:57:17,934 - INFO - Post 1job7hf: 0 comments processed
2025-05-28 13:57:18,440 - INFO - Inserted post: 1joawwd - Help me stay strong in the midst of my father’s dr...
2025-05-28 13:57:18,593 - INFO - Post 1joawwd: 2 comments processed
2025-05-28 13:57:19,110 - INFO - Inserted post: 1jo423m - What prompted you to start focusing on spiritualit...
2025-05-28 13:57:19,402 - INFO - Post 1jo423m: 13 comments processed
2025-05-28 13:57:19,950 - INFO - Inserted post: 1joc1bb - In Silence, Wander and Discover Yourself...
2025-05-28 13:57:20,069 - INFO - Post 1joc1bb: 0 comments processed
2025-05-28 13:57:20,587 - INFO - Inserted post: 1jni3dj - Your Self-Image Controls Your Destiny...
2025-05-28 13:57:20,923 - INFO - Post 1jni3dj: 35 comments processed
2025-05-28 13:57:21,439 - INFO - Inserted post: 1jof1k1 - BEST UPCOMING YOUTUBE CHANNEL FOR MOTIVATION and P...
2025-05-28 13:57:21,561 - INFO - Post 1jof1k1: 1 comments processed
2025-05-28 13:57:22,078 - INFO - Inserted post: 1jo0vpt - How does mindfulness relates in terms of shadow wo...
2025-05-28 13:57:22,235 - INFO - Post 1jo0vpt: 3 comments processed
2025-05-28 13:57:22,753 - INFO - Inserted post: 1jofplg - Apparently I am a little cooked (If you are a man ...
2025-05-28 13:57:22,906 - INFO - Post 1jofplg: 2 comments processed
2025-05-28 13:57:23,413 - INFO - Inserted post: 1jneldj - You guys try sound meditation or anything similar?...
2025-05-28 13:57:23,608 - INFO - Post 1jneldj: 6 comments processed
2025-05-28 13:57:24,126 - INFO - Inserted post: 1jnvhje - I know it’s bad but sometimes I can’t help myself ...
2025-05-28 13:57:24,297 - INFO - Post 1jnvhje: 2 comments processed
2025-05-28 13:57:24,815 - INFO - Inserted post: 1jnm82r - The torture that is double-thinking... Or in other...
2025-05-28 13:57:24,967 - INFO - Post 1jnm82r: 3 comments processed
2025-05-28 13:57:25,468 - INFO - Scraping completed! Total posts: 500, Total comments: 4072
2025-05-28 13:57:25,470 - INFO - Database connection closed
2025-05-28 13:57:25,471 - INFO - Scraper finished
